#
# A fatal error has been detected by the Java Runtime Environment:
#
#  EXCEPTION_ACCESS_VIOLATION (0xc0000005) at pc=0x00007ffc9ffb6b07, pid=2188, tid=23004
#
# JRE version: Java(TM) SE Runtime Environment 18.9 (11.0.12+8) (build 11.0.12+8-LTS-237)
# Java VM: Java HotSpot(TM) 64-Bit Server VM 18.9 (11.0.12+8-LTS-237, mixed mode, tiered, compressed oops, g1 gc, windows-amd64)
# Problematic frame:
# C  [glass.dll+0x26b07]
#
# No core dump will be written. Minidumps are not enabled by default on client versions of Windows
#
# If you would like to submit a bug report, please visit:
#   https://bugreport.java.com/bugreport/crash.jsp
#

---------------  S U M M A R Y ------------

Command Line: --module-path=C:\Informatica\Libs\libs\javafx-sdk-17.0.6\lib --add-modules=javafx.controls,javafx.fxml,javafx.base,javafx.web --add-exports=javafx.graphics/com.sun.javafx.sg.prism=ALL-UNNAMED com.ric.academix.App

Host: Intel(R) Core(TM) i5-10400 CPU @ 2.90GHz, 12 cores, 15G,  Windows 10 , 64 bit Build 19041 (10.0.19041.2913)
Time: Mon May 15 19:08:19 2023 Hora de verano romance elapsed time: 23.370155 seconds (0d 0h 0m 23s)

---------------  T H R E A D  ---------------

Current thread (0x000001b34c23a800):  VMThread "VM Thread" [stack: 0x00000030f0700000,0x00000030f0800000] [id=23004]

Stack: [0x00000030f0700000,0x00000030f0800000],  sp=0x00000030f07fed70,  free space=1019k
Native frames: (J=compiled Java code, j=interpreted, Vv=VM code, C=native code)
C  [glass.dll+0x26b07]


siginfo: EXCEPTION_ACCESS_VIOLATION (0xc0000005), reading address 0x0000000000000000


Register to memory mapping:

RIP=0x00007ffc9ffb6b07 glass.dll
RAX=0x0 is NULL
RBX=0x000001b34c255188 is a global jni handle
RCX=0x000001b34c23a800 points into unknown readable memory: 0x00007ffc1f92e868 | 68 e8 92 1f fc 7f 00 00
RDX=0x00000030f07fed70 points into unknown readable memory: 0x0000000000000000 | 00 00 00 00 00 00 00 00
RSP=0x00000030f07fed70 points into unknown readable memory: 0x0000000000000000 | 00 00 00 00 00 00 00 00
RBP=0x000001b34de07c88 points into unknown readable memory: 0x0000df45e7e7a02b | 2b a0 e7 e7 45 df 00 00
RSI=0x000001b34de07c60 points into unknown readable memory: 0xd9f7bf45e41844d4 | d4 44 18 e4 45 bf f7 d9
RDI=0x0000df45e7e7a02b is an unknown value
R8 =0x0000000000010002 is an unknown value
R9 =0x0000df45e7e7a02b is an unknown value
R10=0x0000000000008000 is an unknown value
R11=0x00000030f07fed00 points into unknown readable memory: 0x000001b34de07c60 | 60 7c e0 4d b3 01 00 00
R12=0x00007ffc9ffb43d4 glass.dll
R13=0x000001b34c235738 points into unknown readable memory: 0x000001b34c23a800 | 00 a8 23 4c b3 01 00 00
R14=0x00000030f07fee68 points into unknown readable memory: 0x00000030f07fee50 | 50 ee 7f f0 30 00 00 00
R15=0x000001b34de07c60 points into unknown readable memory: 0xd9f7bf45e41844d4 | d4 44 18 e4 45 bf f7 d9


Registers:
RAX=0x0000000000000000, RBX=0x000001b34c255188, RCX=0x000001b34c23a800, RDX=0x00000030f07fed70
RSP=0x00000030f07fed70, RBP=0x000001b34de07c88, RSI=0x000001b34de07c60, RDI=0x0000df45e7e7a02b
R8 =0x0000000000010002, R9 =0x0000df45e7e7a02b, R10=0x0000000000008000, R11=0x00000030f07fed00
R12=0x00007ffc9ffb43d4, R13=0x000001b34c235738, R14=0x00000030f07fee68, R15=0x000001b34de07c60
RIP=0x00007ffc9ffb6b07, EFLAGS=0x0000000000010202

Top of Stack: (sp=0x00000030f07fed70)
0x00000030f07fed70:   0000000000000000 000001b34de07c60
0x00000030f07fed80:   000001b34c235738 00007ffc9ffb43d4
0x00000030f07fed90:   000001b34de07c68 00007ffcd5b042d6
0x00000030f07feda0:   0000df45e7e7a02b 000001b300000000
0x00000030f07fedb0:   000001b34de07c88 000001b34de07c60
0x00000030f07fedc0:   fffffffffffffffe 0000000000000000
0x00000030f07fedd0:   0000000000000001 00007ffc9ff90000
0x00000030f07fede0:   00000030f07fee58 00007ffcd5b041fb
0x00000030f07fedf0:   0000000000000000 00000030f07fee68
0x00000030f07fee00:   00000030f07ff130 00007ffcd5be0e40
0x00000030f07fee10:   0000000000000001 00007ffcd5b041b4
0x00000030f07fee20:   0000000000000000 0000000000000001
0x00000030f07fee30:   00007ffcccd42dd0 00000030f07fee58
0x00000030f07fee40:   000000000000000d 00007ffc9ffb4261
0x00000030f07fee50:   00007ffc9ffca138 00007ffc00000002
0x00000030f07fee60:   0000000000000002 00000030f07fee50 

Instructions: (pc=0x00007ffc9ffb6b07)
0x00007ffc9ffb6ae7:   cc cc cc cc cc cc cc cc cc 40 53 48 83 ec 20 48
0x00007ffc9ffb6af7:   8b 1d 33 30 01 00 48 85 db 74 16 e8 09 8b ff ff
0x00007ffc9ffb6b07:   4c 8b 00 48 8b d3 48 8b c8 41 ff 90 b0 00 00 00
0x00007ffc9ffb6b17:   90 48 83 c4 20 5b c3 cc cc 40 53 48 83 ec 20 48 


Stack slot to memory mapping:
stack at sp + 0 slots: 0x0 is NULL
stack at sp + 1 slots: 0x000001b34de07c60 points into unknown readable memory: 0xd9f7bf45e41844d4 | d4 44 18 e4 45 bf f7 d9
stack at sp + 2 slots: 0x000001b34c235738 points into unknown readable memory: 0x000001b34c23a800 | 00 a8 23 4c b3 01 00 00
stack at sp + 3 slots: 0x00007ffc9ffb43d4 glass.dll
stack at sp + 4 slots: 0x000001b34de07c68 points into unknown readable memory: 0x0000df45e7e7a02b | 2b a0 e7 e7 45 df 00 00
stack at sp + 5 slots: 0x00007ffcd5b042d6 ucrtbase.dll
stack at sp + 6 slots: 0x0000df45e7e7a02b is an unknown value
stack at sp + 7 slots: 0x000001b300000000 is an unknown value

VM_Operation (0x00000030f16f2710): Exit, mode: safepoint, requested by thread 0x000001b34d9a3800


---------------  P R O C E S S  ---------------

Threads class SMR info:
_java_thread_list=0x000001b34ebbc890, length=19, elements={
0x000001b3283c3000, 0x000001b34c23c800, 0x000001b34c23e000, 0x000001b34cb59000,
0x000001b34cb5b800, 0x000001b34cb5c800, 0x000001b34cb5d800, 0x000001b34cb0f000,
0x000001b34cb10000, 0x000001b34ccd6000, 0x000001b34e1ea800, 0x000001b34dc6e000,
0x000001b34d9a3800, 0x000001b34cd30800, 0x000001b34e6ab000, 0x000001b34cce4000,
0x000001b34eb6d000, 0x000001b34de83000, 0x000001b34d805000
}

Java Threads: ( => current thread )
  0x000001b3283c3000 JavaThread "main" [_thread_blocked, id=18724, stack(0x00000030f0100000,0x00000030f0200000)]
  0x000001b34c23c800 JavaThread "Reference Handler" daemon [_thread_blocked, id=4516, stack(0x00000030f0800000,0x00000030f0900000)]
  0x000001b34c23e000 JavaThread "Finalizer" daemon [_thread_blocked, id=4652, stack(0x00000030f0900000,0x00000030f0a00000)]
  0x000001b34cb59000 JavaThread "Signal Dispatcher" daemon [_thread_blocked, id=5332, stack(0x00000030f0a00000,0x00000030f0b00000)]
  0x000001b34cb5b800 JavaThread "Attach Listener" daemon [_thread_blocked, id=5532, stack(0x00000030f0b00000,0x00000030f0c00000)]
  0x000001b34cb5c800 JavaThread "Service Thread" daemon [_thread_blocked, id=16200, stack(0x00000030f0c00000,0x00000030f0d00000)]
  0x000001b34cb5d800 JavaThread "C2 CompilerThread0" daemon [_thread_blocked, id=17892, stack(0x00000030f0d00000,0x00000030f0e00000)]
  0x000001b34cb0f000 JavaThread "C1 CompilerThread0" daemon [_thread_blocked, id=19108, stack(0x00000030f0e00000,0x00000030f0f00000)]
  0x000001b34cb10000 JavaThread "Sweeper thread" daemon [_thread_blocked, id=4236, stack(0x00000030f0f00000,0x00000030f1000000)]
  0x000001b34ccd6000 JavaThread "Common-Cleaner" daemon [_thread_blocked, id=1752, stack(0x00000030f1000000,0x00000030f1100000)]
  0x000001b34e1ea800 JavaThread "QuantumRenderer-0" daemon [_thread_blocked, id=10716, stack(0x00000030f1400000,0x00000030f1500000)]
  0x000001b34dc6e000 JavaThread "InvokeLaterDispatcher" daemon [_thread_blocked, id=10188, stack(0x00000030f1500000,0x00000030f1600000)]
  0x000001b34d9a3800 JavaThread "JavaFX Application Thread" [_thread_blocked, id=17436, stack(0x00000030f1600000,0x00000030f1700000)]
  0x000001b34cd30800 JavaThread "JavaFX-Launcher" [_thread_blocked, id=9428, stack(0x00000030f1b00000,0x00000030f1c00000)]
  0x000001b34e6ab000 JavaThread "Thread-2" daemon [_thread_in_native, id=2900, stack(0x00000030f1a00000,0x00000030f1b00000)]
  0x000001b34cce4000 JavaThread "Prism Font Disposer" daemon [_thread_blocked, id=23076, stack(0x00000030f1200000,0x00000030f1300000)]
  0x000001b34eb6d000 JavaThread "Cleaner-0" daemon [_thread_blocked, id=20940, stack(0x00000030f2800000,0x00000030f2900000)]
  0x000001b34de83000 JavaThread "mysql-cj-abandoned-connection-cleanup" daemon [_thread_blocked, id=4992, stack(0x00000030f2100000,0x00000030f2200000)]
  0x000001b34d805000 JavaThread "Hibernate Connection Pool Validation Thread" daemon [_thread_blocked, id=19608, stack(0x00000030f2d00000,0x00000030f2e00000)]

Other Threads:
=>0x000001b34c23a800 VMThread "VM Thread" [stack: 0x00000030f0700000,0x00000030f0800000] [id=23004]
  0x000001b3283d8800 GCTaskThread "GC Thread#0" [stack: 0x00000030f0200000,0x00000030f0300000] [id=5660]
  0x000001b34e2a7000 GCTaskThread "GC Thread#1" [stack: 0x00000030f1c00000,0x00000030f1d00000] [id=13448]
  0x000001b34e731000 GCTaskThread "GC Thread#2" [stack: 0x00000030f1d00000,0x00000030f1e00000] [id=14668]
  0x000001b34e8c6000 GCTaskThread "GC Thread#3" [stack: 0x00000030f1e00000,0x00000030f1f00000] [id=22908]
  0x000001b34dd9a000 GCTaskThread "GC Thread#4" [stack: 0x00000030f1f00000,0x00000030f2000000] [id=1784]
  0x000001b34e2d0000 GCTaskThread "GC Thread#5" [stack: 0x00000030f2000000,0x00000030f2100000] [id=10024]
  0x000001b328437000 ConcurrentGCThread "G1 Main Marker" [stack: 0x00000030f0300000,0x00000030f0400000] [id=2576]
  0x000001b328438800 ConcurrentGCThread "G1 Conc#0" [stack: 0x00000030f0400000,0x00000030f0500000] [id=11680]
  0x000001b34e68d000 ConcurrentGCThread "G1 Conc#1" [stack: 0x00000030f2500000,0x00000030f2600000] [id=2740]
  0x000001b34f4f8800 ConcurrentGCThread "G1 Conc#2" [stack: 0x00000030f2600000,0x00000030f2700000] [id=20792]
  0x000001b34c11e800 ConcurrentGCThread "G1 Refine#0" [stack: 0x00000030f0500000,0x00000030f0600000] [id=4448]
  0x000001b34c122000 ConcurrentGCThread "G1 Young RemSet Sampling" [stack: 0x00000030f0600000,0x00000030f0700000] [id=972]

Threads with active compile tasks:
C1 CompilerThread0  23539 5242   !   3       java.util.logging.LogManager$LoggerContext::findLogger (113 bytes)

VM state:at safepoint (shutting down)

VM Mutex/Monitor currently owned by a thread:  ([mutex/lock_event])
[0x000001b3283c0dd0] Threads_lock - owner thread: 0x000001b34c23a800

Heap address: 0x0000000702600000, size: 4058 MB, Compressed Oops mode: Zero based, Oop shift amount: 3
Narrow klass base: 0x0000000800000000, Narrow klass shift: 0
Compressed class space size: 1073741824 Address: 0x0000000800000000

Heap:
 garbage-first heap   total 260096K, used 48672K [0x0000000702600000, 0x0000000800000000)
  region size 1024K, 33 young (33792K), 8 survivors (8192K)
 Metaspace       used 63013K, capacity 64577K, committed 64640K, reserved 1105920K
  class space    used 8407K, capacity 9070K, committed 9088K, reserved 1048576K
Heap Regions: E=young(eden), S=young(survivor), O=old, HS=humongous(starts), HC=humongous(continues), CS=collection set, F=free, A=archive, TAMS=top-at-mark-start (previous, next)
|   0|0x0000000702600000, 0x0000000702700000, 0x0000000702700000|100%|HS|  |TAMS 0x0000000702700000, 0x0000000702600000| Complete 
|   1|0x0000000702700000, 0x0000000702800000, 0x0000000702800000|100%| O|  |TAMS 0x0000000702800000, 0x0000000702700000| Untracked 
|   2|0x0000000702800000, 0x0000000702900000, 0x0000000702900000|100%| O|  |TAMS 0x0000000702900000, 0x0000000702800000| Untracked 
|   3|0x0000000702900000, 0x0000000702a00000, 0x0000000702a00000|100%| O|  |TAMS 0x0000000702a00000, 0x0000000702900000| Untracked 
|   4|0x0000000702a00000, 0x0000000702b00000, 0x0000000702b00000|100%|HS|  |TAMS 0x0000000702b00000, 0x0000000702a00000| Complete 
|   5|0x0000000702b00000, 0x0000000702c00000, 0x0000000702c00000|100%|HS|  |TAMS 0x0000000702c00000, 0x0000000702b00000| Complete 
|   6|0x0000000702c00000, 0x0000000702d00000, 0x0000000702d00000|100%|HC|  |TAMS 0x0000000702d00000, 0x0000000702c00000| Complete 
|   7|0x0000000702d00000, 0x0000000702e00000, 0x0000000702e00000|100%| O|  |TAMS 0x0000000702e00000, 0x0000000702d00000| Untracked 
|   8|0x0000000702e00000, 0x0000000702f00000, 0x0000000702f00000|100%| O|  |TAMS 0x0000000702f00000, 0x0000000702e00000| Untracked 
|   9|0x0000000702f00000, 0x0000000703000000, 0x0000000703000000|100%| O|  |TAMS 0x0000000703000000, 0x0000000702f00000| Untracked 
|  10|0x0000000703000000, 0x0000000703100000, 0x0000000703100000|100%| O|  |TAMS 0x0000000703100000, 0x0000000703000000| Untracked 
|  11|0x0000000703100000, 0x0000000703200000, 0x0000000703200000|100%| O|  |TAMS 0x0000000703200000, 0x0000000703100000| Untracked 
|  12|0x0000000703200000, 0x0000000703300000, 0x0000000703300000|100%| O|  |TAMS 0x0000000703300000, 0x0000000703200000| Untracked 
|  13|0x0000000703300000, 0x0000000703400000, 0x0000000703400000|100%| O|  |TAMS 0x0000000703400000, 0x0000000703300000| Untracked 
|  14|0x0000000703400000, 0x00000007034b9800, 0x0000000703500000| 72%| O|  |TAMS 0x00000007034b9800, 0x0000000703400000| Untracked 
|  15|0x0000000703500000, 0x0000000703600000, 0x0000000703600000|100%|HS|  |TAMS 0x0000000703500000, 0x0000000703500000| Complete 
|  16|0x0000000703600000, 0x0000000703700000, 0x0000000703700000|100%|HS|  |TAMS 0x0000000703600000, 0x0000000703600000| Complete 
|  17|0x0000000703700000, 0x0000000703700000, 0x0000000703800000|  0%| F|  |TAMS 0x0000000703700000, 0x0000000703700000| Untracked 
|  18|0x0000000703800000, 0x0000000703800000, 0x0000000703900000|  0%| F|  |TAMS 0x0000000703800000, 0x0000000703800000| Untracked 
|  19|0x0000000703900000, 0x0000000703900000, 0x0000000703a00000|  0%| F|  |TAMS 0x0000000703900000, 0x0000000703900000| Untracked 
|  20|0x0000000703a00000, 0x0000000703a00000, 0x0000000703b00000|  0%| F|  |TAMS 0x0000000703a00000, 0x0000000703a00000| Untracked 
|  21|0x0000000703b00000, 0x0000000703b00000, 0x0000000703c00000|  0%| F|  |TAMS 0x0000000703b00000, 0x0000000703b00000| Untracked 
|  22|0x0000000703c00000, 0x0000000703c00000, 0x0000000703d00000|  0%| F|  |TAMS 0x0000000703c00000, 0x0000000703c00000| Untracked 
|  23|0x0000000703d00000, 0x0000000703d00000, 0x0000000703e00000|  0%| F|  |TAMS 0x0000000703d00000, 0x0000000703d00000| Untracked 
|  24|0x0000000703e00000, 0x0000000703e00000, 0x0000000703f00000|  0%| F|  |TAMS 0x0000000703e00000, 0x0000000703e00000| Untracked 
|  25|0x0000000703f00000, 0x0000000703f00000, 0x0000000704000000|  0%| F|  |TAMS 0x0000000703f00000, 0x0000000703f00000| Untracked 
|  26|0x0000000704000000, 0x0000000704000000, 0x0000000704100000|  0%| F|  |TAMS 0x0000000704000000, 0x0000000704000000| Untracked 
|  27|0x0000000704100000, 0x0000000704100000, 0x0000000704200000|  0%| F|  |TAMS 0x0000000704100000, 0x0000000704100000| Untracked 
|  28|0x0000000704200000, 0x0000000704200000, 0x0000000704300000|  0%| F|  |TAMS 0x0000000704200000, 0x0000000704200000| Untracked 
|  29|0x0000000704300000, 0x0000000704300000, 0x0000000704400000|  0%| F|  |TAMS 0x0000000704300000, 0x0000000704300000| Untracked 
|  30|0x0000000704400000, 0x0000000704400000, 0x0000000704500000|  0%| F|  |TAMS 0x0000000704400000, 0x0000000704400000| Untracked 
|  31|0x0000000704500000, 0x0000000704500000, 0x0000000704600000|  0%| F|  |TAMS 0x0000000704500000, 0x0000000704500000| Untracked 
|  32|0x0000000704600000, 0x0000000704600000, 0x0000000704700000|  0%| F|  |TAMS 0x0000000704600000, 0x0000000704600000| Untracked 
|  33|0x0000000704700000, 0x0000000704700000, 0x0000000704800000|  0%| F|  |TAMS 0x0000000704700000, 0x0000000704700000| Untracked 
|  34|0x0000000704800000, 0x0000000704800000, 0x0000000704900000|  0%| F|  |TAMS 0x0000000704800000, 0x0000000704800000| Untracked 
|  35|0x0000000704900000, 0x0000000704900000, 0x0000000704a00000|  0%| F|  |TAMS 0x0000000704900000, 0x0000000704900000| Untracked 
|  36|0x0000000704a00000, 0x0000000704a00000, 0x0000000704b00000|  0%| F|  |TAMS 0x0000000704a00000, 0x0000000704a00000| Untracked 
|  37|0x0000000704b00000, 0x0000000704b00000, 0x0000000704c00000|  0%| F|  |TAMS 0x0000000704b00000, 0x0000000704b00000| Untracked 
|  38|0x0000000704c00000, 0x0000000704c00000, 0x0000000704d00000|  0%| F|  |TAMS 0x0000000704c00000, 0x0000000704c00000| Untracked 
|  39|0x0000000704d00000, 0x0000000704d00000, 0x0000000704e00000|  0%| F|  |TAMS 0x0000000704d00000, 0x0000000704d00000| Untracked 
|  40|0x0000000704e00000, 0x0000000704e00000, 0x0000000704f00000|  0%| F|  |TAMS 0x0000000704e00000, 0x0000000704e00000| Untracked 
|  41|0x0000000704f00000, 0x0000000704f00000, 0x0000000705000000|  0%| F|  |TAMS 0x0000000704f00000, 0x0000000704f00000| Untracked 
|  42|0x0000000705000000, 0x0000000705000000, 0x0000000705100000|  0%| F|  |TAMS 0x0000000705000000, 0x0000000705000000| Untracked 
|  43|0x0000000705100000, 0x0000000705100000, 0x0000000705200000|  0%| F|  |TAMS 0x0000000705100000, 0x0000000705100000| Untracked 
|  44|0x0000000705200000, 0x0000000705200000, 0x0000000705300000|  0%| F|  |TAMS 0x0000000705200000, 0x0000000705200000| Untracked 
|  45|0x0000000705300000, 0x0000000705300000, 0x0000000705400000|  0%| F|  |TAMS 0x0000000705300000, 0x0000000705300000| Untracked 
|  46|0x0000000705400000, 0x0000000705400000, 0x0000000705500000|  0%| F|  |TAMS 0x0000000705400000, 0x0000000705400000| Untracked 
|  47|0x0000000705500000, 0x0000000705500000, 0x0000000705600000|  0%| F|  |TAMS 0x0000000705500000, 0x0000000705500000| Untracked 
|  48|0x0000000705600000, 0x0000000705600000, 0x0000000705700000|  0%| F|  |TAMS 0x0000000705600000, 0x0000000705600000| Untracked 
|  49|0x0000000705700000, 0x0000000705700000, 0x0000000705800000|  0%| F|  |TAMS 0x0000000705700000, 0x0000000705700000| Untracked 
|  50|0x0000000705800000, 0x0000000705800000, 0x0000000705900000|  0%| F|  |TAMS 0x0000000705800000, 0x0000000705800000| Untracked 
|  51|0x0000000705900000, 0x0000000705900000, 0x0000000705a00000|  0%| F|  |TAMS 0x0000000705900000, 0x0000000705900000| Untracked 
|  52|0x0000000705a00000, 0x0000000705a00000, 0x0000000705b00000|  0%| F|  |TAMS 0x0000000705a00000, 0x0000000705a00000| Untracked 
|  53|0x0000000705b00000, 0x0000000705b00000, 0x0000000705c00000|  0%| F|  |TAMS 0x0000000705b00000, 0x0000000705b00000| Untracked 
|  54|0x0000000705c00000, 0x0000000705c00000, 0x0000000705d00000|  0%| F|  |TAMS 0x0000000705c00000, 0x0000000705c00000| Untracked 
|  55|0x0000000705d00000, 0x0000000705d00000, 0x0000000705e00000|  0%| F|  |TAMS 0x0000000705d00000, 0x0000000705d00000| Untracked 
|  56|0x0000000705e00000, 0x0000000705e00000, 0x0000000705f00000|  0%| F|  |TAMS 0x0000000705e00000, 0x0000000705e00000| Untracked 
|  57|0x0000000705f00000, 0x0000000705f00000, 0x0000000706000000|  0%| F|  |TAMS 0x0000000705f00000, 0x0000000705f00000| Untracked 
|  58|0x0000000706000000, 0x0000000706000000, 0x0000000706100000|  0%| F|  |TAMS 0x0000000706000000, 0x0000000706000000| Untracked 
|  59|0x0000000706100000, 0x0000000706100000, 0x0000000706200000|  0%| F|  |TAMS 0x0000000706100000, 0x0000000706100000| Untracked 
|  60|0x0000000706200000, 0x0000000706200000, 0x0000000706300000|  0%| F|  |TAMS 0x0000000706200000, 0x0000000706200000| Untracked 
|  61|0x0000000706300000, 0x0000000706300000, 0x0000000706400000|  0%| F|  |TAMS 0x0000000706300000, 0x0000000706300000| Untracked 
|  62|0x0000000706400000, 0x0000000706400000, 0x0000000706500000|  0%| F|  |TAMS 0x0000000706400000, 0x0000000706400000| Untracked 
|  63|0x0000000706500000, 0x0000000706500000, 0x0000000706600000|  0%| F|  |TAMS 0x0000000706500000, 0x0000000706500000| Untracked 
|  64|0x0000000706600000, 0x0000000706600000, 0x0000000706700000|  0%| F|  |TAMS 0x0000000706600000, 0x0000000706600000| Untracked 
|  65|0x0000000706700000, 0x0000000706700000, 0x0000000706800000|  0%| F|  |TAMS 0x0000000706700000, 0x0000000706700000| Untracked 
|  66|0x0000000706800000, 0x0000000706800000, 0x0000000706900000|  0%| F|  |TAMS 0x0000000706800000, 0x0000000706800000| Untracked 
|  67|0x0000000706900000, 0x0000000706900000, 0x0000000706a00000|  0%| F|  |TAMS 0x0000000706900000, 0x0000000706900000| Untracked 
|  68|0x0000000706a00000, 0x0000000706a00000, 0x0000000706b00000|  0%| F|  |TAMS 0x0000000706a00000, 0x0000000706a00000| Untracked 
|  69|0x0000000706b00000, 0x0000000706b00000, 0x0000000706c00000|  0%| F|  |TAMS 0x0000000706b00000, 0x0000000706b00000| Untracked 
|  70|0x0000000706c00000, 0x0000000706c00000, 0x0000000706d00000|  0%| F|  |TAMS 0x0000000706c00000, 0x0000000706c00000| Untracked 
|  71|0x0000000706d00000, 0x0000000706d00000, 0x0000000706e00000|  0%| F|  |TAMS 0x0000000706d00000, 0x0000000706d00000| Untracked 
|  72|0x0000000706e00000, 0x0000000706e00000, 0x0000000706f00000|  0%| F|  |TAMS 0x0000000706e00000, 0x0000000706e00000| Untracked 
|  73|0x0000000706f00000, 0x0000000706f00000, 0x0000000707000000|  0%| F|  |TAMS 0x0000000706f00000, 0x0000000706f00000| Untracked 
|  74|0x0000000707000000, 0x0000000707000000, 0x0000000707100000|  0%| F|  |TAMS 0x0000000707000000, 0x0000000707000000| Untracked 
|  75|0x0000000707100000, 0x0000000707100000, 0x0000000707200000|  0%| F|  |TAMS 0x0000000707100000, 0x0000000707100000| Untracked 
|  76|0x0000000707200000, 0x0000000707200000, 0x0000000707300000|  0%| F|  |TAMS 0x0000000707200000, 0x0000000707200000| Untracked 
|  77|0x0000000707300000, 0x0000000707300000, 0x0000000707400000|  0%| F|  |TAMS 0x0000000707300000, 0x0000000707300000| Untracked 
|  78|0x0000000707400000, 0x0000000707400000, 0x0000000707500000|  0%| F|  |TAMS 0x0000000707400000, 0x0000000707400000| Untracked 
|  79|0x0000000707500000, 0x0000000707500000, 0x0000000707600000|  0%| F|  |TAMS 0x0000000707500000, 0x0000000707500000| Untracked 
|  80|0x0000000707600000, 0x0000000707600000, 0x0000000707700000|  0%| F|  |TAMS 0x0000000707600000, 0x0000000707600000| Untracked 
|  81|0x0000000707700000, 0x0000000707700000, 0x0000000707800000|  0%| F|  |TAMS 0x0000000707700000, 0x0000000707700000| Untracked 
|  82|0x0000000707800000, 0x0000000707800000, 0x0000000707900000|  0%| F|  |TAMS 0x0000000707800000, 0x0000000707800000| Untracked 
|  83|0x0000000707900000, 0x0000000707900000, 0x0000000707a00000|  0%| F|  |TAMS 0x0000000707900000, 0x0000000707900000| Untracked 
|  84|0x0000000707a00000, 0x0000000707a00000, 0x0000000707b00000|  0%| F|  |TAMS 0x0000000707a00000, 0x0000000707a00000| Untracked 
|  85|0x0000000707b00000, 0x0000000707b00000, 0x0000000707c00000|  0%| F|  |TAMS 0x0000000707b00000, 0x0000000707b00000| Untracked 
|  86|0x0000000707c00000, 0x0000000707c00000, 0x0000000707d00000|  0%| F|  |TAMS 0x0000000707c00000, 0x0000000707c00000| Untracked 
|  87|0x0000000707d00000, 0x0000000707d00000, 0x0000000707e00000|  0%| F|  |TAMS 0x0000000707d00000, 0x0000000707d00000| Untracked 
|  88|0x0000000707e00000, 0x0000000707e00000, 0x0000000707f00000|  0%| F|  |TAMS 0x0000000707e00000, 0x0000000707e00000| Untracked 
|  89|0x0000000707f00000, 0x0000000707f00000, 0x0000000708000000|  0%| F|  |TAMS 0x0000000707f00000, 0x0000000707f00000| Untracked 
|  90|0x0000000708000000, 0x0000000708000000, 0x0000000708100000|  0%| F|  |TAMS 0x0000000708000000, 0x0000000708000000| Untracked 
|  91|0x0000000708100000, 0x0000000708100000, 0x0000000708200000|  0%| F|  |TAMS 0x0000000708100000, 0x0000000708100000| Untracked 
|  92|0x0000000708200000, 0x0000000708200000, 0x0000000708300000|  0%| F|  |TAMS 0x0000000708200000, 0x0000000708200000| Untracked 
|  93|0x0000000708300000, 0x0000000708300000, 0x0000000708400000|  0%| F|  |TAMS 0x0000000708300000, 0x0000000708300000| Untracked 
|  94|0x0000000708400000, 0x0000000708400000, 0x0000000708500000|  0%| F|  |TAMS 0x0000000708400000, 0x0000000708400000| Untracked 
|  95|0x0000000708500000, 0x0000000708500000, 0x0000000708600000|  0%| F|  |TAMS 0x0000000708500000, 0x0000000708500000| Untracked 
|  96|0x0000000708600000, 0x0000000708600000, 0x0000000708700000|  0%| F|  |TAMS 0x0000000708600000, 0x0000000708600000| Untracked 
|  97|0x0000000708700000, 0x0000000708700000, 0x0000000708800000|  0%| F|  |TAMS 0x0000000708700000, 0x0000000708700000| Untracked 
|  98|0x0000000708800000, 0x0000000708800000, 0x0000000708900000|  0%| F|  |TAMS 0x0000000708800000, 0x0000000708800000| Untracked 
|  99|0x0000000708900000, 0x0000000708900000, 0x0000000708a00000|  0%| F|  |TAMS 0x0000000708900000, 0x0000000708900000| Untracked 
| 100|0x0000000708a00000, 0x0000000708a00000, 0x0000000708b00000|  0%| F|  |TAMS 0x0000000708a00000, 0x0000000708a00000| Untracked 
| 101|0x0000000708b00000, 0x0000000708b00000, 0x0000000708c00000|  0%| F|  |TAMS 0x0000000708b00000, 0x0000000708b00000| Untracked 
| 102|0x0000000708c00000, 0x0000000708c00000, 0x0000000708d00000|  0%| F|  |TAMS 0x0000000708c00000, 0x0000000708c00000| Untracked 
| 103|0x0000000708d00000, 0x0000000708d00000, 0x0000000708e00000|  0%| F|  |TAMS 0x0000000708d00000, 0x0000000708d00000| Untracked 
| 104|0x0000000708e00000, 0x0000000708e00000, 0x0000000708f00000|  0%| F|  |TAMS 0x0000000708e00000, 0x0000000708e00000| Untracked 
| 105|0x0000000708f00000, 0x0000000708f00000, 0x0000000709000000|  0%| F|  |TAMS 0x0000000708f00000, 0x0000000708f00000| Untracked 
| 106|0x0000000709000000, 0x0000000709000000, 0x0000000709100000|  0%| F|  |TAMS 0x0000000709000000, 0x0000000709000000| Untracked 
| 107|0x0000000709100000, 0x0000000709100000, 0x0000000709200000|  0%| F|  |TAMS 0x0000000709100000, 0x0000000709100000| Untracked 
| 108|0x0000000709200000, 0x0000000709200000, 0x0000000709300000|  0%| F|  |TAMS 0x0000000709200000, 0x0000000709200000| Untracked 
| 109|0x0000000709300000, 0x0000000709300000, 0x0000000709400000|  0%| F|  |TAMS 0x0000000709300000, 0x0000000709300000| Untracked 
| 110|0x0000000709400000, 0x0000000709400000, 0x0000000709500000|  0%| F|  |TAMS 0x0000000709400000, 0x0000000709400000| Untracked 
| 111|0x0000000709500000, 0x0000000709500000, 0x0000000709600000|  0%| F|  |TAMS 0x0000000709500000, 0x0000000709500000| Untracked 
| 112|0x0000000709600000, 0x0000000709600000, 0x0000000709700000|  0%| F|  |TAMS 0x0000000709600000, 0x0000000709600000| Untracked 
| 113|0x0000000709700000, 0x0000000709700000, 0x0000000709800000|  0%| F|  |TAMS 0x0000000709700000, 0x0000000709700000| Untracked 
| 114|0x0000000709800000, 0x0000000709800000, 0x0000000709900000|  0%| F|  |TAMS 0x0000000709800000, 0x0000000709800000| Untracked 
| 115|0x0000000709900000, 0x0000000709900000, 0x0000000709a00000|  0%| F|  |TAMS 0x0000000709900000, 0x0000000709900000| Untracked 
| 116|0x0000000709a00000, 0x0000000709a00000, 0x0000000709b00000|  0%| F|  |TAMS 0x0000000709a00000, 0x0000000709a00000| Untracked 
| 117|0x0000000709b00000, 0x0000000709b00000, 0x0000000709c00000|  0%| F|  |TAMS 0x0000000709b00000, 0x0000000709b00000| Untracked 
| 118|0x0000000709c00000, 0x0000000709c00000, 0x0000000709d00000|  0%| F|  |TAMS 0x0000000709c00000, 0x0000000709c00000| Untracked 
| 119|0x0000000709d00000, 0x0000000709d00000, 0x0000000709e00000|  0%| F|  |TAMS 0x0000000709d00000, 0x0000000709d00000| Untracked 
| 120|0x0000000709e00000, 0x0000000709e00000, 0x0000000709f00000|  0%| F|  |TAMS 0x0000000709e00000, 0x0000000709e00000| Untracked 
| 121|0x0000000709f00000, 0x0000000709f00000, 0x000000070a000000|  0%| F|  |TAMS 0x0000000709f00000, 0x0000000709f00000| Untracked 
| 122|0x000000070a000000, 0x000000070a000000, 0x000000070a100000|  0%| F|  |TAMS 0x000000070a000000, 0x000000070a000000| Untracked 
| 123|0x000000070a100000, 0x000000070a100000, 0x000000070a200000|  0%| F|  |TAMS 0x000000070a100000, 0x000000070a100000| Untracked 
| 124|0x000000070a200000, 0x000000070a200000, 0x000000070a300000|  0%| F|  |TAMS 0x000000070a200000, 0x000000070a200000| Untracked 
| 125|0x000000070a300000, 0x000000070a300000, 0x000000070a400000|  0%| F|  |TAMS 0x000000070a300000, 0x000000070a300000| Untracked 
| 126|0x000000070a400000, 0x000000070a400000, 0x000000070a500000|  0%| F|  |TAMS 0x000000070a400000, 0x000000070a400000| Untracked 
| 127|0x000000070a500000, 0x000000070a500000, 0x000000070a600000|  0%| F|  |TAMS 0x000000070a500000, 0x000000070a500000| Untracked 
| 128|0x000000070a600000, 0x000000070a600000, 0x000000070a700000|  0%| F|  |TAMS 0x000000070a600000, 0x000000070a600000| Untracked 
| 129|0x000000070a700000, 0x000000070a700000, 0x000000070a800000|  0%| F|  |TAMS 0x000000070a700000, 0x000000070a700000| Untracked 
| 130|0x000000070a800000, 0x000000070a800000, 0x000000070a900000|  0%| F|  |TAMS 0x000000070a800000, 0x000000070a800000| Untracked 
| 131|0x000000070a900000, 0x000000070a900000, 0x000000070aa00000|  0%| F|  |TAMS 0x000000070a900000, 0x000000070a900000| Untracked 
| 132|0x000000070aa00000, 0x000000070aa00000, 0x000000070ab00000|  0%| F|  |TAMS 0x000000070aa00000, 0x000000070aa00000| Untracked 
| 133|0x000000070ab00000, 0x000000070ab00000, 0x000000070ac00000|  0%| F|  |TAMS 0x000000070ab00000, 0x000000070ab00000| Untracked 
| 134|0x000000070ac00000, 0x000000070ac00000, 0x000000070ad00000|  0%| F|  |TAMS 0x000000070ac00000, 0x000000070ac00000| Untracked 
| 135|0x000000070ad00000, 0x000000070ad00000, 0x000000070ae00000|  0%| F|  |TAMS 0x000000070ad00000, 0x000000070ad00000| Untracked 
| 136|0x000000070ae00000, 0x000000070ae00000, 0x000000070af00000|  0%| F|  |TAMS 0x000000070ae00000, 0x000000070ae00000| Untracked 
| 137|0x000000070af00000, 0x000000070af00000, 0x000000070b000000|  0%| F|  |TAMS 0x000000070af00000, 0x000000070af00000| Untracked 
| 138|0x000000070b000000, 0x000000070b000000, 0x000000070b100000|  0%| F|  |TAMS 0x000000070b000000, 0x000000070b000000| Untracked 
| 139|0x000000070b100000, 0x000000070b100000, 0x000000070b200000|  0%| F|  |TAMS 0x000000070b100000, 0x000000070b100000| Untracked 
| 140|0x000000070b200000, 0x000000070b200000, 0x000000070b300000|  0%| F|  |TAMS 0x000000070b200000, 0x000000070b200000| Untracked 
| 141|0x000000070b300000, 0x000000070b300000, 0x000000070b400000|  0%| F|  |TAMS 0x000000070b300000, 0x000000070b300000| Untracked 
| 142|0x000000070b400000, 0x000000070b400000, 0x000000070b500000|  0%| F|  |TAMS 0x000000070b400000, 0x000000070b400000| Untracked 
| 143|0x000000070b500000, 0x000000070b500000, 0x000000070b600000|  0%| F|  |TAMS 0x000000070b500000, 0x000000070b500000| Untracked 
| 144|0x000000070b600000, 0x000000070b600000, 0x000000070b700000|  0%| F|  |TAMS 0x000000070b600000, 0x000000070b600000| Untracked 
| 145|0x000000070b700000, 0x000000070b700000, 0x000000070b800000|  0%| F|  |TAMS 0x000000070b700000, 0x000000070b700000| Untracked 
| 146|0x000000070b800000, 0x000000070b800000, 0x000000070b900000|  0%| F|  |TAMS 0x000000070b800000, 0x000000070b800000| Untracked 
| 147|0x000000070b900000, 0x000000070b900000, 0x000000070ba00000|  0%| F|  |TAMS 0x000000070b900000, 0x000000070b900000| Untracked 
| 148|0x000000070ba00000, 0x000000070ba00000, 0x000000070bb00000|  0%| F|  |TAMS 0x000000070ba00000, 0x000000070ba00000| Untracked 
| 149|0x000000070bb00000, 0x000000070bb00000, 0x000000070bc00000|  0%| F|  |TAMS 0x000000070bb00000, 0x000000070bb00000| Untracked 
| 150|0x000000070bc00000, 0x000000070bc00000, 0x000000070bd00000|  0%| F|  |TAMS 0x000000070bc00000, 0x000000070bc00000| Untracked 
| 151|0x000000070bd00000, 0x000000070bd00000, 0x000000070be00000|  0%| F|  |TAMS 0x000000070bd00000, 0x000000070bd00000| Untracked 
| 152|0x000000070be00000, 0x000000070be00000, 0x000000070bf00000|  0%| F|  |TAMS 0x000000070be00000, 0x000000070be00000| Untracked 
| 153|0x000000070bf00000, 0x000000070bf00000, 0x000000070c000000|  0%| F|  |TAMS 0x000000070bf00000, 0x000000070bf00000| Untracked 
| 154|0x000000070c000000, 0x000000070c000000, 0x000000070c100000|  0%| F|  |TAMS 0x000000070c000000, 0x000000070c000000| Untracked 
| 155|0x000000070c100000, 0x000000070c100000, 0x000000070c200000|  0%| F|  |TAMS 0x000000070c100000, 0x000000070c100000| Untracked 
| 156|0x000000070c200000, 0x000000070c200000, 0x000000070c300000|  0%| F|  |TAMS 0x000000070c200000, 0x000000070c200000| Untracked 
| 157|0x000000070c300000, 0x000000070c300000, 0x000000070c400000|  0%| F|  |TAMS 0x000000070c300000, 0x000000070c300000| Untracked 
| 158|0x000000070c400000, 0x000000070c400000, 0x000000070c500000|  0%| F|  |TAMS 0x000000070c400000, 0x000000070c400000| Untracked 
| 159|0x000000070c500000, 0x000000070c500000, 0x000000070c600000|  0%| F|  |TAMS 0x000000070c500000, 0x000000070c500000| Untracked 
| 160|0x000000070c600000, 0x000000070c600000, 0x000000070c700000|  0%| F|  |TAMS 0x000000070c600000, 0x000000070c600000| Untracked 
| 161|0x000000070c700000, 0x000000070c700000, 0x000000070c800000|  0%| F|  |TAMS 0x000000070c700000, 0x000000070c700000| Untracked 
| 162|0x000000070c800000, 0x000000070c800000, 0x000000070c900000|  0%| F|  |TAMS 0x000000070c800000, 0x000000070c800000| Untracked 
| 163|0x000000070c900000, 0x000000070c900000, 0x000000070ca00000|  0%| F|  |TAMS 0x000000070c900000, 0x000000070c900000| Untracked 
| 164|0x000000070ca00000, 0x000000070ca00000, 0x000000070cb00000|  0%| F|  |TAMS 0x000000070ca00000, 0x000000070ca00000| Untracked 
| 165|0x000000070cb00000, 0x000000070cb00000, 0x000000070cc00000|  0%| F|  |TAMS 0x000000070cb00000, 0x000000070cb00000| Untracked 
| 166|0x000000070cc00000, 0x000000070cc00000, 0x000000070cd00000|  0%| F|  |TAMS 0x000000070cc00000, 0x000000070cc00000| Untracked 
| 167|0x000000070cd00000, 0x000000070cd00000, 0x000000070ce00000|  0%| F|  |TAMS 0x000000070cd00000, 0x000000070cd00000| Untracked 
| 168|0x000000070ce00000, 0x000000070ce00000, 0x000000070cf00000|  0%| F|  |TAMS 0x000000070ce00000, 0x000000070ce00000| Untracked 
| 169|0x000000070cf00000, 0x000000070cf00000, 0x000000070d000000|  0%| F|  |TAMS 0x000000070cf00000, 0x000000070cf00000| Untracked 
| 170|0x000000070d000000, 0x000000070d000000, 0x000000070d100000|  0%| F|  |TAMS 0x000000070d000000, 0x000000070d000000| Untracked 
| 171|0x000000070d100000, 0x000000070d100000, 0x000000070d200000|  0%| F|  |TAMS 0x000000070d100000, 0x000000070d100000| Untracked 
| 172|0x000000070d200000, 0x000000070d200000, 0x000000070d300000|  0%| F|  |TAMS 0x000000070d200000, 0x000000070d200000| Untracked 
| 173|0x000000070d300000, 0x000000070d300000, 0x000000070d400000|  0%| F|  |TAMS 0x000000070d300000, 0x000000070d300000| Untracked 
| 174|0x000000070d400000, 0x000000070d400000, 0x000000070d500000|  0%| F|  |TAMS 0x000000070d400000, 0x000000070d400000| Untracked 
| 175|0x000000070d500000, 0x000000070d500000, 0x000000070d600000|  0%| F|  |TAMS 0x000000070d500000, 0x000000070d500000| Untracked 
| 176|0x000000070d600000, 0x000000070d600000, 0x000000070d700000|  0%| F|  |TAMS 0x000000070d600000, 0x000000070d600000| Untracked 
| 177|0x000000070d700000, 0x000000070d700000, 0x000000070d800000|  0%| F|  |TAMS 0x000000070d700000, 0x000000070d700000| Untracked 
| 178|0x000000070d800000, 0x000000070d800000, 0x000000070d900000|  0%| F|  |TAMS 0x000000070d800000, 0x000000070d800000| Untracked 
| 179|0x000000070d900000, 0x000000070d900000, 0x000000070da00000|  0%| F|  |TAMS 0x000000070d900000, 0x000000070d900000| Untracked 
| 180|0x000000070da00000, 0x000000070da00000, 0x000000070db00000|  0%| F|  |TAMS 0x000000070da00000, 0x000000070da00000| Untracked 
| 181|0x000000070db00000, 0x000000070db00000, 0x000000070dc00000|  0%| F|  |TAMS 0x000000070db00000, 0x000000070db00000| Untracked 
| 182|0x000000070dc00000, 0x000000070dc00000, 0x000000070dd00000|  0%| F|  |TAMS 0x000000070dc00000, 0x000000070dc00000| Untracked 
| 183|0x000000070dd00000, 0x000000070dd00000, 0x000000070de00000|  0%| F|  |TAMS 0x000000070dd00000, 0x000000070dd00000| Untracked 
| 184|0x000000070de00000, 0x000000070de00000, 0x000000070df00000|  0%| F|  |TAMS 0x000000070de00000, 0x000000070de00000| Untracked 
| 185|0x000000070df00000, 0x000000070df00000, 0x000000070e000000|  0%| F|  |TAMS 0x000000070df00000, 0x000000070df00000| Untracked 
| 186|0x000000070e000000, 0x000000070e000000, 0x000000070e100000|  0%| F|  |TAMS 0x000000070e000000, 0x000000070e000000| Untracked 
| 187|0x000000070e100000, 0x000000070e100000, 0x000000070e200000|  0%| F|  |TAMS 0x000000070e100000, 0x000000070e100000| Untracked 
| 188|0x000000070e200000, 0x000000070e200000, 0x000000070e300000|  0%| F|  |TAMS 0x000000070e200000, 0x000000070e200000| Untracked 
| 189|0x000000070e300000, 0x000000070e300000, 0x000000070e400000|  0%| F|  |TAMS 0x000000070e300000, 0x000000070e300000| Untracked 
| 190|0x000000070e400000, 0x000000070e400000, 0x000000070e500000|  0%| F|  |TAMS 0x000000070e400000, 0x000000070e400000| Untracked 
| 191|0x000000070e500000, 0x000000070e500000, 0x000000070e600000|  0%| F|  |TAMS 0x000000070e500000, 0x000000070e500000| Untracked 
| 192|0x000000070e600000, 0x000000070e600000, 0x000000070e700000|  0%| F|  |TAMS 0x000000070e600000, 0x000000070e600000| Untracked 
| 193|0x000000070e700000, 0x000000070e700000, 0x000000070e800000|  0%| F|  |TAMS 0x000000070e700000, 0x000000070e700000| Untracked 
| 194|0x000000070e800000, 0x000000070e800000, 0x000000070e900000|  0%| F|  |TAMS 0x000000070e800000, 0x000000070e800000| Untracked 
| 195|0x000000070e900000, 0x000000070e900000, 0x000000070ea00000|  0%| F|  |TAMS 0x000000070e900000, 0x000000070e900000| Untracked 
| 196|0x000000070ea00000, 0x000000070ea00000, 0x000000070eb00000|  0%| F|  |TAMS 0x000000070ea00000, 0x000000070ea00000| Untracked 
| 197|0x000000070eb00000, 0x000000070eb00000, 0x000000070ec00000|  0%| F|  |TAMS 0x000000070eb00000, 0x000000070eb00000| Untracked 
| 198|0x000000070ec00000, 0x000000070ec00000, 0x000000070ed00000|  0%| F|  |TAMS 0x000000070ec00000, 0x000000070ec00000| Untracked 
| 199|0x000000070ed00000, 0x000000070ed00000, 0x000000070ee00000|  0%| F|  |TAMS 0x000000070ed00000, 0x000000070ed00000| Untracked 
| 200|0x000000070ee00000, 0x000000070ee00000, 0x000000070ef00000|  0%| F|  |TAMS 0x000000070ee00000, 0x000000070ee00000| Untracked 
| 201|0x000000070ef00000, 0x000000070ef00000, 0x000000070f000000|  0%| F|  |TAMS 0x000000070ef00000, 0x000000070ef00000| Untracked 
| 202|0x000000070f000000, 0x000000070f000000, 0x000000070f100000|  0%| F|  |TAMS 0x000000070f000000, 0x000000070f000000| Untracked 
| 203|0x000000070f100000, 0x000000070f100000, 0x000000070f200000|  0%| F|  |TAMS 0x000000070f100000, 0x000000070f100000| Untracked 
| 204|0x000000070f200000, 0x000000070f200000, 0x000000070f300000|  0%| F|  |TAMS 0x000000070f200000, 0x000000070f200000| Untracked 
| 205|0x000000070f300000, 0x000000070f300000, 0x000000070f400000|  0%| F|  |TAMS 0x000000070f300000, 0x000000070f300000| Untracked 
| 206|0x000000070f400000, 0x000000070f400000, 0x000000070f500000|  0%| F|  |TAMS 0x000000070f400000, 0x000000070f400000| Untracked 
| 207|0x000000070f500000, 0x000000070f500000, 0x000000070f600000|  0%| F|  |TAMS 0x000000070f500000, 0x000000070f500000| Untracked 
| 208|0x000000070f600000, 0x000000070f600000, 0x000000070f700000|  0%| F|  |TAMS 0x000000070f600000, 0x000000070f600000| Untracked 
| 209|0x000000070f700000, 0x000000070f700000, 0x000000070f800000|  0%| F|  |TAMS 0x000000070f700000, 0x000000070f700000| Untracked 
| 210|0x000000070f800000, 0x000000070f800000, 0x000000070f900000|  0%| F|  |TAMS 0x000000070f800000, 0x000000070f800000| Untracked 
| 211|0x000000070f900000, 0x000000070f900000, 0x000000070fa00000|  0%| F|  |TAMS 0x000000070f900000, 0x000000070f900000| Untracked 
| 212|0x000000070fa00000, 0x000000070fa00000, 0x000000070fb00000|  0%| F|  |TAMS 0x000000070fa00000, 0x000000070fa00000| Untracked 
| 213|0x000000070fb00000, 0x000000070fb00000, 0x000000070fc00000|  0%| F|  |TAMS 0x000000070fb00000, 0x000000070fb00000| Untracked 
| 214|0x000000070fc00000, 0x000000070fc00000, 0x000000070fd00000|  0%| F|  |TAMS 0x000000070fc00000, 0x000000070fc00000| Untracked 
| 215|0x000000070fd00000, 0x000000070fd00000, 0x000000070fe00000|  0%| F|  |TAMS 0x000000070fd00000, 0x000000070fd00000| Untracked 
| 216|0x000000070fe00000, 0x000000070fe00000, 0x000000070ff00000|  0%| F|  |TAMS 0x000000070fe00000, 0x000000070fe00000| Untracked 
| 217|0x000000070ff00000, 0x000000070ff00000, 0x0000000710000000|  0%| F|  |TAMS 0x000000070ff00000, 0x000000070ff00000| Untracked 
| 218|0x0000000710000000, 0x0000000710000000, 0x0000000710100000|  0%| F|  |TAMS 0x0000000710000000, 0x0000000710000000| Untracked 
| 219|0x0000000710100000, 0x0000000710100000, 0x0000000710200000|  0%| F|  |TAMS 0x0000000710100000, 0x0000000710100000| Untracked 
| 220|0x0000000710200000, 0x0000000710200000, 0x0000000710300000|  0%| F|  |TAMS 0x0000000710200000, 0x0000000710200000| Untracked 
| 221|0x0000000710300000, 0x0000000710380800, 0x0000000710400000| 50%| E|  |TAMS 0x0000000710300000, 0x0000000710300000| Complete 
| 222|0x0000000710400000, 0x0000000710500000, 0x0000000710500000|100%| E|CS|TAMS 0x0000000710400000, 0x0000000710400000| Complete 
| 223|0x0000000710500000, 0x0000000710600000, 0x0000000710600000|100%| E|CS|TAMS 0x0000000710500000, 0x0000000710500000| Complete 
| 224|0x0000000710600000, 0x0000000710700000, 0x0000000710700000|100%| E|CS|TAMS 0x0000000710600000, 0x0000000710600000| Complete 
| 225|0x0000000710700000, 0x0000000710800000, 0x0000000710800000|100%| E|CS|TAMS 0x0000000710700000, 0x0000000710700000| Complete 
| 226|0x0000000710800000, 0x0000000710900000, 0x0000000710900000|100%| E|CS|TAMS 0x0000000710800000, 0x0000000710800000| Complete 
| 227|0x0000000710900000, 0x0000000710a00000, 0x0000000710a00000|100%| E|CS|TAMS 0x0000000710900000, 0x0000000710900000| Complete 
| 228|0x0000000710a00000, 0x0000000710b00000, 0x0000000710b00000|100%| E|CS|TAMS 0x0000000710a00000, 0x0000000710a00000| Complete 
| 229|0x0000000710b00000, 0x0000000710c00000, 0x0000000710c00000|100%| E|CS|TAMS 0x0000000710b00000, 0x0000000710b00000| Complete 
| 230|0x0000000710c00000, 0x0000000710cce840, 0x0000000710d00000| 80%| S|CS|TAMS 0x0000000710c00000, 0x0000000710c00000| Complete 
| 231|0x0000000710d00000, 0x0000000710e00000, 0x0000000710e00000|100%| S|CS|TAMS 0x0000000710d00000, 0x0000000710d00000| Complete 
| 232|0x0000000710e00000, 0x0000000710f00000, 0x0000000710f00000|100%| S|CS|TAMS 0x0000000710e00000, 0x0000000710e00000| Complete 
| 233|0x0000000710f00000, 0x0000000711000000, 0x0000000711000000|100%| S|CS|TAMS 0x0000000710f00000, 0x0000000710f00000| Complete 
| 234|0x0000000711000000, 0x0000000711100000, 0x0000000711100000|100%| S|CS|TAMS 0x0000000711000000, 0x0000000711000000| Complete 
| 235|0x0000000711100000, 0x0000000711200000, 0x0000000711200000|100%| S|CS|TAMS 0x0000000711100000, 0x0000000711100000| Complete 
| 236|0x0000000711200000, 0x0000000711300000, 0x0000000711300000|100%| S|CS|TAMS 0x0000000711200000, 0x0000000711200000| Complete 
| 237|0x0000000711300000, 0x0000000711400000, 0x0000000711400000|100%| S|CS|TAMS 0x0000000711300000, 0x0000000711300000| Complete 
| 238|0x0000000711400000, 0x0000000711500000, 0x0000000711500000|100%| E|CS|TAMS 0x0000000711400000, 0x0000000711400000| Complete 
| 239|0x0000000711500000, 0x0000000711600000, 0x0000000711600000|100%| E|CS|TAMS 0x0000000711500000, 0x0000000711500000| Complete 
| 240|0x0000000711600000, 0x0000000711700000, 0x0000000711700000|100%| E|CS|TAMS 0x0000000711600000, 0x0000000711600000| Complete 
| 241|0x0000000711700000, 0x0000000711800000, 0x0000000711800000|100%| E|CS|TAMS 0x0000000711700000, 0x0000000711700000| Complete 
| 242|0x0000000711800000, 0x0000000711900000, 0x0000000711900000|100%| E|CS|TAMS 0x0000000711800000, 0x0000000711800000| Complete 
| 243|0x0000000711900000, 0x0000000711a00000, 0x0000000711a00000|100%| E|CS|TAMS 0x0000000711900000, 0x0000000711900000| Complete 
| 244|0x0000000711a00000, 0x0000000711b00000, 0x0000000711b00000|100%| E|CS|TAMS 0x0000000711a00000, 0x0000000711a00000| Complete 
| 245|0x0000000711b00000, 0x0000000711c00000, 0x0000000711c00000|100%| E|  |TAMS 0x0000000711b00000, 0x0000000711b00000| Complete 
| 246|0x0000000711c00000, 0x0000000711d00000, 0x0000000711d00000|100%| E|CS|TAMS 0x0000000711c00000, 0x0000000711c00000| Complete 
| 247|0x0000000711d00000, 0x0000000711e00000, 0x0000000711e00000|100%| E|CS|TAMS 0x0000000711d00000, 0x0000000711d00000| Complete 
| 248|0x0000000711e00000, 0x0000000711f00000, 0x0000000711f00000|100%| E|CS|TAMS 0x0000000711e00000, 0x0000000711e00000| Complete 
| 249|0x0000000711f00000, 0x0000000712000000, 0x0000000712000000|100%| E|CS|TAMS 0x0000000711f00000, 0x0000000711f00000| Complete 
| 250|0x0000000712000000, 0x0000000712100000, 0x0000000712100000|100%| E|CS|TAMS 0x0000000712000000, 0x0000000712000000| Complete 
| 251|0x0000000712100000, 0x0000000712200000, 0x0000000712200000|100%| E|CS|TAMS 0x0000000712100000, 0x0000000712100000| Complete 
| 252|0x0000000712200000, 0x0000000712300000, 0x0000000712300000|100%| E|CS|TAMS 0x0000000712200000, 0x0000000712200000| Complete 
| 253|0x0000000712300000, 0x0000000712400000, 0x0000000712400000|100%| E|CS|TAMS 0x0000000712300000, 0x0000000712300000| Complete 

Card table byte_map: [0x000001b3405d0000,0x000001b340dc0000] _byte_map_base: 0x000001b33cdbd000

Marking Bits (Prev, Next): (CMBitMap*) 0x000001b328426660, (CMBitMap*) 0x000001b328426628
 Prev Bits: [0x000001b345520000, 0x000001b349488000)
 Next Bits: [0x000001b3415b0000, 0x000001b345518000)

Polling page: 0x000001b327ba0000

Metaspace:

Usage:
  Non-class:     54.21 MB capacity,    53.33 MB ( 98%) used,   694.84 KB (  1%) free+waste,   205.56 KB ( <1%) overhead. 
      Class:      8.86 MB capacity,     8.21 MB ( 93%) used,   562.38 KB (  6%) free+waste,   100.31 KB (  1%) overhead. 
       Both:     63.06 MB capacity,    61.54 MB ( 98%) used,     1.23 MB (  2%) free+waste,   305.88 KB ( <1%) overhead. 

Virtual space:
  Non-class space:       56.00 MB reserved,      54.25 MB ( 97%) committed 
      Class space:        1.00 GB reserved,       8.88 MB ( <1%) committed 
             Both:        1.05 GB reserved,      63.13 MB (  6%) committed 

Chunk freelists:
   Non-Class:  5.63 KB
       Class:  0 bytes
        Both:  5.63 KB

CodeHeap 'non-profiled nmethods': size=120000Kb used=2729Kb max_used=2729Kb free=117270Kb
 bounds [0x000001b338350000, 0x000001b338600000, 0x000001b33f880000]
CodeHeap 'profiled nmethods': size=120000Kb used=10174Kb max_used=10174Kb free=109825Kb
 bounds [0x000001b330e20000, 0x000001b331810000, 0x000001b338350000]
CodeHeap 'non-nmethods': size=5760Kb used=1501Kb max_used=1553Kb free=4258Kb
 bounds [0x000001b330880000, 0x000001b330af0000, 0x000001b330e20000]
 total_blobs=6223 nmethods=5232 adapters=900
 compilation: enabled
              stopped_count=0, restarted_count=0
 full_count=0

Compilation events (10 events):
Event: 21.690 Thread 0x000001b34cb5d800 nmethod 5237 0x000001b3385f7b90 code [0x000001b3385f7d20, 0x000001b3385f7dd8]
Event: 21.867 Thread 0x000001b34cb0f000 5238       3       com.sun.javafx.scene.KeyboardShortcutsHandler::dispatchBubblingEvent (60 bytes)
Event: 21.868 Thread 0x000001b34cb0f000 nmethod 5238 0x000001b33180eb10 code [0x000001b33180ed00, 0x000001b33180f408]
Event: 22.567 Thread 0x000001b34cb5d800 5239       4       com.sun.javafx.event.EventHandlerManager::dispatchCapturingEvent (23 bytes)
Event: 22.582 Thread 0x000001b34cb5d800 nmethod 5239 0x000001b3385f7e90 code [0x000001b3385f80e0, 0x000001b3385f8e50]
Event: 22.745 Thread 0x000001b34cb5d800 5240       4       com.sun.javafx.event.EventDispatchChainImpl::prepend (77 bytes)
Event: 22.765 Thread 0x000001b34cb5d800 nmethod 5240 0x000001b3385f9710 code [0x000001b3385f98c0, 0x000001b3385fa178]
Event: 22.828 Thread 0x000001b34cb0f000 5241       3       java.util.logging.LogManager::checkPermission (16 bytes)
Event: 22.829 Thread 0x000001b34cb0f000 nmethod 5241 0x000001b33180f590 code [0x000001b33180f760, 0x000001b33180fa28]
Event: 22.829 Thread 0x000001b34cb0f000 5242   !   3       java.util.logging.LogManager$LoggerContext::findLogger (113 bytes)

GC Heap History (10 events):
Event: 1.041 GC heap before
{Heap before GC invocations=1 (full 0):
 garbage-first heap   total 260096K, used 33965K [0x0000000702600000, 0x0000000800000000)
  region size 1024K, 30 young (30720K), 3 survivors (3072K)
 Metaspace       used 20511K, capacity 21180K, committed 21248K, reserved 1067008K
  class space    used 2493K, capacity 2782K, committed 2816K, reserved 1048576K
}
Event: 1.045 GC heap after
{Heap after GC invocations=2 (full 0):
 garbage-first heap   total 260096K, used 10849K [0x0000000702600000, 0x0000000800000000)
  region size 1024K, 7 young (7168K), 7 survivors (7168K)
 Metaspace       used 20511K, capacity 21180K, committed 21248K, reserved 1067008K
  class space    used 2493K, capacity 2782K, committed 2816K, reserved 1048576K
}
Event: 7.151 GC heap before
{Heap before GC invocations=3 (full 0):
 garbage-first heap   total 260096K, used 45665K [0x0000000702600000, 0x0000000800000000)
  region size 1024K, 39 young (39936K), 7 survivors (7168K)
 Metaspace       used 31083K, capacity 32085K, committed 32384K, reserved 1077248K
  class space    used 3975K, capacity 4367K, committed 4480K, reserved 1048576K
}
Event: 7.156 GC heap after
{Heap after GC invocations=4 (full 0):
 garbage-first heap   total 260096K, used 15547K [0x0000000702600000, 0x0000000800000000)
  region size 1024K, 3 young (3072K), 3 survivors (3072K)
 Metaspace       used 31083K, capacity 32085K, committed 32384K, reserved 1077248K
  class space    used 3975K, capacity 4367K, committed 4480K, reserved 1048576K
}
Event: 7.376 GC heap before
{Heap before GC invocations=4 (full 0):
 garbage-first heap   total 260096K, used 31931K [0x0000000702600000, 0x0000000800000000)
  region size 1024K, 20 young (20480K), 3 survivors (3072K)
 Metaspace       used 34689K, capacity 35728K, committed 35840K, reserved 1081344K
  class space    used 4465K, capacity 4926K, committed 4992K, reserved 1048576K
}
Event: 7.379 GC heap after
{Heap after GC invocations=5 (full 0):
 garbage-first heap   total 260096K, used 15884K [0x0000000702600000, 0x0000000800000000)
  region size 1024K, 3 young (3072K), 3 survivors (3072K)
 Metaspace       used 34689K, capacity 35728K, committed 35840K, reserved 1081344K
  class space    used 4465K, capacity 4926K, committed 4992K, reserved 1048576K
}
Event: 8.490 GC heap before
{Heap before GC invocations=6 (full 0):
 garbage-first heap   total 260096K, used 100876K [0x0000000702600000, 0x0000000800000000)
  region size 1024K, 86 young (88064K), 3 survivors (3072K)
 Metaspace       used 56169K, capacity 57508K, committed 57600K, reserved 1099776K
  class space    used 7334K, capacity 7912K, committed 7936K, reserved 1048576K
}
Event: 8.495 GC heap after
{Heap after GC invocations=7 (full 0):
 garbage-first heap   total 260096K, used 21339K [0x0000000702600000, 0x0000000800000000)
  region size 1024K, 9 young (9216K), 9 survivors (9216K)
 Metaspace       used 56169K, capacity 57508K, committed 57600K, reserved 1099776K
  class space    used 7334K, capacity 7912K, committed 7936K, reserved 1048576K
}
Event: 8.649 GC heap before
{Heap before GC invocations=7 (full 0):
 garbage-first heap   total 260096K, used 36699K [0x0000000702600000, 0x0000000800000000)
  region size 1024K, 25 young (25600K), 9 survivors (9216K)
 Metaspace       used 58705K, capacity 60016K, committed 60160K, reserved 1101824K
  class space    used 7792K, capacity 8364K, committed 8448K, reserved 1048576K
}
Event: 8.654 GC heap after
{Heap after GC invocations=8 (full 0):
 garbage-first heap   total 260096K, used 23072K [0x0000000702600000, 0x0000000800000000)
  region size 1024K, 8 young (8192K), 8 survivors (8192K)
 Metaspace       used 58705K, capacity 60016K, committed 60160K, reserved 1101824K
  class space    used 7792K, capacity 8364K, committed 8448K, reserved 1048576K
}

Deoptimization events (10 events):
Event: 8.856 Thread 0x000001b34d9a3800 Uncommon trap: reason=unstable_if action=reinterpret pc=0x000001b3383c11b8 method=com.sun.javafx.image.impl.ByteBgra$ToByteBgraPreConv.doConvert([BII[BIIII)V @ 31 c2
Event: 8.856 Thread 0x000001b34d9a3800 Uncommon trap: reason=unstable_if action=reinterpret pc=0x000001b3383c3f78 method=com.sun.javafx.image.impl.BaseByteToByteConverter$FourByteReorderer.doConvert([BII[BIIII)V @ 31 c2
Event: 9.957 Thread 0x000001b34d9a3800 Uncommon trap: reason=unstable_if action=reinterpret pc=0x000001b33850b44c method=java.util.WeakHashMap.put(Ljava/lang/Object;Ljava/lang/Object;)Ljava/lang/Object; @ 148 c2
Event: 9.963 Thread 0x000001b34d9a3800 Uncommon trap: reason=unstable_if action=reinterpret pc=0x000001b3384db150 method=java.lang.CharacterDataLatin1.isWhitespace(I)Z @ 14 c2
Event: 9.963 Thread 0x000001b34d9a3800 Uncommon trap: reason=unstable_if action=reinterpret pc=0x000001b3384cb120 method=java.lang.CharacterDataLatin1.isWhitespace(I)Z @ 14 c2
Event: 10.868 Thread 0x000001b34d9a3800 Uncommon trap: reason=unstable_if action=reinterpret pc=0x000001b3385e9e94 method=com.sun.javafx.event.EventHandlerManager.dispatchCapturingEvent(Ljavafx/event/EventType;Ljavafx/event/Event;)Ljavafx/event/Event; @ 22 c2
Event: 10.869 Thread 0x000001b34d9a3800 Uncommon trap: reason=class_check action=maybe_recompile pc=0x000001b3385e908c method=javafx.scene.Node.updateLocalToParentTransform()V @ 11 c2
Event: 10.878 Thread 0x000001b34d9a3800 Uncommon trap: reason=class_check action=maybe_recompile pc=0x000001b3385e908c method=javafx.scene.Node.updateLocalToParentTransform()V @ 11 c2
Event: 10.879 Thread 0x000001b34d9a3800 Uncommon trap: reason=class_check action=maybe_recompile pc=0x000001b3385e908c method=javafx.scene.Node.updateLocalToParentTransform()V @ 11 c2
Event: 10.895 Thread 0x000001b34d9a3800 Uncommon trap: reason=class_check action=maybe_recompile pc=0x000001b3385e908c method=javafx.scene.Node.updateLocalToParentTransform()V @ 11 c2

Classes redefined (0 events):
No events

Internal exceptions (10 events):
Event: 8.832 Thread 0x000001b34d9a3800 Exception <a 'java/io/FileNotFoundException'{0x00000007115b3c38}> (0x00000007115b3c38) thrown at [./open/src/hotspot/share/prims/jni.cpp, line 611]
Event: 8.832 Thread 0x000001b34d9a3800 Exception <a 'java/io/FileNotFoundException'{0x00000007115b78b8}> (0x00000007115b78b8) thrown at [./open/src/hotspot/share/prims/jni.cpp, line 611]
Event: 8.832 Thread 0x000001b34d9a3800 Exception <a 'java/io/FileNotFoundException'{0x00000007115ba268}> (0x00000007115ba268) thrown at [./open/src/hotspot/share/prims/jni.cpp, line 611]
Event: 8.899 Thread 0x000001b34d9a3800 Exception <a 'java/io/FileNotFoundException'{0x0000000710b11608}> (0x0000000710b11608) thrown at [./open/src/hotspot/share/prims/jni.cpp, line 611]
Event: 10.044 Thread 0x000001b34e1ea800 Exception <a 'java/lang/NoSuchMethodError'{0x000000071053d928}: java.lang.invoke.DirectMethodHandle$Holder.invokeStaticInit(Ljava/lang/Object;I)Ljava/lang/Object;> (0x000000071053d928) thrown at [./open/src/hotspot/share/interpreter/linkResolver.cpp, line
Event: 10.865 Thread 0x000001b34d9a3800 Exception <a 'java/lang/NoSuchMethodError'{0x0000000710645fd8}: java.lang.invoke.DirectMethodHandle$Holder.invokeStatic(Ljava/lang/Object;Ljava/lang/Object;Ljava/lang/Object;DDDDIIIIIIIII)Ljava/lang/Object;> (0x0000000710645fd8) thrown at [./open/src/hots
Event: 12.613 Thread 0x000001b34d9a3800 Exception <a 'java/lang/NoSuchMethodError'{0x00000007105927b0}: java.lang.invoke.DirectMethodHandle$Holder.invokeStatic(Ljava/lang/Object;Ljava/lang/Object;IIIIILjava/lang/Object;)Ljava/lang/Object;> (0x00000007105927b0) thrown at [./open/src/hotspot/shar
Event: 12.615 Thread 0x000001b34d9a3800 Exception <a 'java/lang/NoSuchMethodError'{0x00000007105a3ad0}: java.lang.invoke.DirectMethodHandle$Holder.invokeStatic(Ljava/lang/Object;Ljava/lang/Object;Ljava/lang/Object;IIIII)Ljava/lang/Object;> (0x00000007105a3ad0) thrown at [./open/src/hotspot/shar
Event: 12.615 Thread 0x000001b34d9a3800 Exception <a 'java/lang/NoSuchMethodError'{0x00000007105aadd0}: java.lang.invoke.Invokers$Holder.linkToTargetMethod(Ljava/lang/Object;Ljava/lang/Object;IIIIILjava/lang/Object;)Ljava/lang/Object;> (0x00000007105aadd0) thrown at [./open/src/hotspot/share/in
Event: 22.828 Thread 0x000001b35ab47800 Exception <a 'java/lang/IllegalStateException'{0x0000000710305fc0}> (0x0000000710305fc0) thrown at [./open/src/hotspot/share/prims/jvm.cpp, line 1309]

Events (10 events):
Event: 22.828 Executing VM operation: RevokeBias
Event: 22.828 Executing VM operation: RevokeBias done
Event: 22.828 Executing VM operation: RevokeBias
Event: 22.828 Executing VM operation: RevokeBias done
Event: 22.828 loading class com/sun/javafx/tk/quantum/QuantumToolkit
Event: 22.828 loading class com/sun/javafx/tk/quantum/QuantumToolkit done
Event: 22.828 Thread 0x000001b35ab47800 Thread exited: 0x000001b35ab47800
Event: 22.829 Thread 0x000001b35ab48000 Thread exited: 0x000001b35ab48000
Event: 22.829 Thread 0x000001b35ab46800 Thread exited: 0x000001b35ab46800
Event: 22.829 Executing VM operation: Exit


Dynamic libraries:
0x00007ff79d5e0000 - 0x00007ff79d5ef000 	C:\Program Files\Java\jdk-11.0.12\bin\java.exe
0x00007ffcd8110000 - 0x00007ffcd8308000 	C:\windows\SYSTEM32\ntdll.dll
0x00007ffcafb50000 - 0x00007ffcafb69000 	C:\Program Files\AVG\Antivirus\aswhook.dll
0x00007ffcd7fe0000 - 0x00007ffcd809f000 	C:\windows\System32\KERNEL32.DLL
0x00007ffcd57f0000 - 0x00007ffcd5ae6000 	C:\windows\System32\KERNELBASE.dll
0x00007ffcd5af0000 - 0x00007ffcd5bf0000 	C:\windows\System32\ucrtbase.dll
0x00007ffcb5d30000 - 0x00007ffcb5d48000 	C:\Program Files\Java\jdk-11.0.12\bin\jli.dll
0x00007ffcc0b30000 - 0x00007ffcc0b45000 	C:\Program Files\Java\jdk-11.0.12\bin\VCRUNTIME140.dll
0x00007ffcd7ec0000 - 0x00007ffcd7f6f000 	C:\windows\System32\ADVAPI32.dll
0x00007ffcd6790000 - 0x00007ffcd682e000 	C:\windows\System32\msvcrt.dll
0x00007ffcd70f0000 - 0x00007ffcd718c000 	C:\windows\System32\sechost.dll
0x00007ffcd6840000 - 0x00007ffcd6966000 	C:\windows\System32\RPCRT4.dll
0x00007ffcd6f50000 - 0x00007ffcd70ed000 	C:\windows\System32\USER32.dll
0x00007ffcd6140000 - 0x00007ffcd6162000 	C:\windows\System32\win32u.dll
0x00007ffcd72b0000 - 0x00007ffcd72dc000 	C:\windows\System32\GDI32.dll
0x00007ffcc14a0000 - 0x00007ffcc173a000 	C:\windows\WinSxS\amd64_microsoft.windows.common-controls_6595b64144ccf1df_6.0.19041.1110_none_60b5254171f9507e\COMCTL32.dll
0x00007ffcd5d20000 - 0x00007ffcd5e35000 	C:\windows\System32\gdi32full.dll
0x00007ffcd5bf0000 - 0x00007ffcd5c8d000 	C:\windows\System32\msvcp_win.dll
0x00007ffccf730000 - 0x00007ffccf73a000 	C:\windows\SYSTEM32\VERSION.dll
0x00007ffcd80a0000 - 0x00007ffcd80d0000 	C:\windows\System32\IMM32.DLL
0x00007ffc5df00000 - 0x00007ffc5df9b000 	C:\Program Files\Java\jdk-11.0.12\bin\msvcp140.dll
0x00007ffc1f060000 - 0x00007ffc1fb5f000 	C:\Program Files\Java\jdk-11.0.12\bin\server\jvm.dll
0x00007ffcd7f70000 - 0x00007ffcd7f78000 	C:\windows\System32\PSAPI.DLL
0x00007ffcae580000 - 0x00007ffcae5a7000 	C:\windows\SYSTEM32\WINMM.dll
0x00007ffcbe950000 - 0x00007ffcbe959000 	C:\windows\SYSTEM32\WSOCK32.dll
0x00007ffcd7340000 - 0x00007ffcd73ab000 	C:\windows\System32\WS2_32.dll
0x00007ffcd36d0000 - 0x00007ffcd36e2000 	C:\windows\SYSTEM32\kernel.appcore.dll
0x00007ffccfff0000 - 0x00007ffcd0000000 	C:\Program Files\Java\jdk-11.0.12\bin\verify.dll
0x00007ffcc1040000 - 0x00007ffcc1224000 	C:\windows\SYSTEM32\DBGHELP.DLL
0x00007ffcc1000000 - 0x00007ffcc1034000 	C:\windows\SYSTEM32\dbgcore.DLL
0x00007ffcd5c90000 - 0x00007ffcd5d12000 	C:\windows\System32\bcryptPrimitives.dll
0x00007ffc856d0000 - 0x00007ffc856f8000 	C:\Program Files\Java\jdk-11.0.12\bin\java.dll
0x00007ffcc0b20000 - 0x00007ffcc0b2a000 	C:\Program Files\Java\jdk-11.0.12\bin\jimage.dll
0x00007ffcbd1c0000 - 0x00007ffcbd1d6000 	C:\Program Files\Java\jdk-11.0.12\bin\zip.dll
0x00007ffcd75c0000 - 0x00007ffcd7d04000 	C:\windows\System32\SHELL32.dll
0x00007ffcd38d0000 - 0x00007ffcd4063000 	C:\windows\SYSTEM32\windows.storage.dll
0x00007ffcd6ab0000 - 0x00007ffcd6e04000 	C:\windows\System32\combase.dll
0x00007ffcd5250000 - 0x00007ffcd527e000 	C:\windows\SYSTEM32\Wldp.dll
0x00007ffcd6ea0000 - 0x00007ffcd6f4d000 	C:\windows\System32\SHCORE.dll
0x00007ffcd7f80000 - 0x00007ffcd7fd5000 	C:\windows\System32\shlwapi.dll
0x00007ffcd5730000 - 0x00007ffcd574f000 	C:\windows\SYSTEM32\profapi.dll
0x00007ffcbcc70000 - 0x00007ffcbcc89000 	C:\Program Files\Java\jdk-11.0.12\bin\net.dll
0x00007ffcce270000 - 0x00007ffcce37a000 	C:\windows\SYSTEM32\WINHTTP.dll
0x00007ffcd4fb0000 - 0x00007ffcd501a000 	C:\windows\system32\mswsock.dll
0x00007ffcbc3d0000 - 0x00007ffcbc3e2000 	C:\Program Files\Java\jdk-11.0.12\bin\nio.dll
0x000001b328310000 - 0x000001b328313000 	C:\Informatica\Libs\libs\javafx-sdk-17.0.6\bin\api-ms-win-core-console-l1-1-0.dll
0x000001b328320000 - 0x000001b328323000 	C:\Informatica\Libs\libs\javafx-sdk-17.0.6\bin\api-ms-win-core-console-l1-2-0.dll
0x000001b328330000 - 0x000001b328333000 	C:\Informatica\Libs\libs\javafx-sdk-17.0.6\bin\api-ms-win-core-datetime-l1-1-0.dll
0x000001b328340000 - 0x000001b328343000 	C:\Informatica\Libs\libs\javafx-sdk-17.0.6\bin\api-ms-win-core-debug-l1-1-0.dll
0x000001b328350000 - 0x000001b328353000 	C:\Informatica\Libs\libs\javafx-sdk-17.0.6\bin\api-ms-win-core-errorhandling-l1-1-0.dll
0x000001b328360000 - 0x000001b328364000 	C:\Informatica\Libs\libs\javafx-sdk-17.0.6\bin\api-ms-win-core-file-l1-1-0.dll
0x000001b328370000 - 0x000001b328373000 	C:\Informatica\Libs\libs\javafx-sdk-17.0.6\bin\api-ms-win-core-file-l1-2-0.dll
0x000001b328380000 - 0x000001b328383000 	C:\Informatica\Libs\libs\javafx-sdk-17.0.6\bin\api-ms-win-core-file-l2-1-0.dll
0x000001b328390000 - 0x000001b328393000 	C:\Informatica\Libs\libs\javafx-sdk-17.0.6\bin\api-ms-win-core-handle-l1-1-0.dll
0x000001b34e750000 - 0x000001b34e753000 	C:\Informatica\Libs\libs\javafx-sdk-17.0.6\bin\api-ms-win-core-heap-l1-1-0.dll
0x000001b34e760000 - 0x000001b34e763000 	C:\Informatica\Libs\libs\javafx-sdk-17.0.6\bin\api-ms-win-core-interlocked-l1-1-0.dll
0x000001b34e770000 - 0x000001b34e773000 	C:\Informatica\Libs\libs\javafx-sdk-17.0.6\bin\api-ms-win-core-libraryloader-l1-1-0.dll
0x000001b34e780000 - 0x000001b34e783000 	C:\Informatica\Libs\libs\javafx-sdk-17.0.6\bin\api-ms-win-core-localization-l1-2-0.dll
0x000001b34e790000 - 0x000001b34e793000 	C:\Informatica\Libs\libs\javafx-sdk-17.0.6\bin\api-ms-win-core-memory-l1-1-0.dll
0x000001b34e7a0000 - 0x000001b34e7a3000 	C:\Informatica\Libs\libs\javafx-sdk-17.0.6\bin\api-ms-win-core-namedpipe-l1-1-0.dll
0x000001b34e7b0000 - 0x000001b34e7b3000 	C:\Informatica\Libs\libs\javafx-sdk-17.0.6\bin\api-ms-win-core-processenvironment-l1-1-0.dll
0x000001b34e7c0000 - 0x000001b34e7c3000 	C:\Informatica\Libs\libs\javafx-sdk-17.0.6\bin\api-ms-win-core-processthreads-l1-1-0.dll
0x000001b34e7d0000 - 0x000001b34e7d3000 	C:\Informatica\Libs\libs\javafx-sdk-17.0.6\bin\api-ms-win-core-processthreads-l1-1-1.dll
0x000001b34e7e0000 - 0x000001b34e7e3000 	C:\Informatica\Libs\libs\javafx-sdk-17.0.6\bin\api-ms-win-core-profile-l1-1-0.dll
0x000001b34e7f0000 - 0x000001b34e7f3000 	C:\Informatica\Libs\libs\javafx-sdk-17.0.6\bin\api-ms-win-core-rtlsupport-l1-1-0.dll
0x000001b34e800000 - 0x000001b34e803000 	C:\Informatica\Libs\libs\javafx-sdk-17.0.6\bin\api-ms-win-core-string-l1-1-0.dll
0x000001b34e810000 - 0x000001b34e813000 	C:\Informatica\Libs\libs\javafx-sdk-17.0.6\bin\api-ms-win-core-synch-l1-1-0.dll
0x000001b34f7f0000 - 0x000001b34f7f3000 	C:\Informatica\Libs\libs\javafx-sdk-17.0.6\bin\api-ms-win-core-synch-l1-2-0.dll
0x000001b34f800000 - 0x000001b34f803000 	C:\Informatica\Libs\libs\javafx-sdk-17.0.6\bin\api-ms-win-core-sysinfo-l1-1-0.dll
0x000001b34f810000 - 0x000001b34f813000 	C:\Informatica\Libs\libs\javafx-sdk-17.0.6\bin\api-ms-win-core-timezone-l1-1-0.dll
0x000001b34f820000 - 0x000001b34f823000 	C:\Informatica\Libs\libs\javafx-sdk-17.0.6\bin\api-ms-win-core-util-l1-1-0.dll
0x000001b34f830000 - 0x000001b34f833000 	C:\Informatica\Libs\libs\javafx-sdk-17.0.6\bin\api-ms-win-crt-conio-l1-1-0.dll
0x000001b34f840000 - 0x000001b34f844000 	C:\Informatica\Libs\libs\javafx-sdk-17.0.6\bin\api-ms-win-crt-convert-l1-1-0.dll
0x000001b34f850000 - 0x000001b34f853000 	C:\Informatica\Libs\libs\javafx-sdk-17.0.6\bin\api-ms-win-crt-environment-l1-1-0.dll
0x000001b34f860000 - 0x000001b34f863000 	C:\Informatica\Libs\libs\javafx-sdk-17.0.6\bin\api-ms-win-crt-filesystem-l1-1-0.dll
0x000001b34f870000 - 0x000001b34f873000 	C:\Informatica\Libs\libs\javafx-sdk-17.0.6\bin\api-ms-win-crt-heap-l1-1-0.dll
0x000001b34f880000 - 0x000001b34f883000 	C:\Informatica\Libs\libs\javafx-sdk-17.0.6\bin\api-ms-win-crt-locale-l1-1-0.dll
0x000001b34f890000 - 0x000001b34f895000 	C:\Informatica\Libs\libs\javafx-sdk-17.0.6\bin\api-ms-win-crt-math-l1-1-0.dll
0x000001b34f8a0000 - 0x000001b34f8a5000 	C:\Informatica\Libs\libs\javafx-sdk-17.0.6\bin\api-ms-win-crt-multibyte-l1-1-0.dll
0x000001b34f8b0000 - 0x000001b34f8c0000 	C:\Informatica\Libs\libs\javafx-sdk-17.0.6\bin\api-ms-win-crt-private-l1-1-0.dll
0x000001b34f8c0000 - 0x000001b34f8c3000 	C:\Informatica\Libs\libs\javafx-sdk-17.0.6\bin\api-ms-win-crt-process-l1-1-0.dll
0x000001b34f8d0000 - 0x000001b34f8d4000 	C:\Informatica\Libs\libs\javafx-sdk-17.0.6\bin\api-ms-win-crt-runtime-l1-1-0.dll
0x000001b34f8e0000 - 0x000001b34f8e4000 	C:\Informatica\Libs\libs\javafx-sdk-17.0.6\bin\api-ms-win-crt-stdio-l1-1-0.dll
0x000001b34f8f0000 - 0x000001b34f8f4000 	C:\Informatica\Libs\libs\javafx-sdk-17.0.6\bin\api-ms-win-crt-string-l1-1-0.dll
0x000001b34f900000 - 0x000001b34f903000 	C:\Informatica\Libs\libs\javafx-sdk-17.0.6\bin\api-ms-win-crt-time-l1-1-0.dll
0x000001b34f910000 - 0x000001b34f913000 	C:\Informatica\Libs\libs\javafx-sdk-17.0.6\bin\api-ms-win-crt-utility-l1-1-0.dll
0x00007ffc52660000 - 0x00007ffc5275c000 	C:\Informatica\Libs\libs\javafx-sdk-17.0.6\bin\ucrtbase.dll
0x00007ffcb2de0000 - 0x00007ffcb2dfa000 	C:\Informatica\Libs\libs\javafx-sdk-17.0.6\bin\vcruntime140.dll
0x00007ffcbd6c0000 - 0x00007ffcbd6cc000 	C:\Informatica\Libs\libs\javafx-sdk-17.0.6\bin\vcruntime140_1.dll
0x00007ffca00c0000 - 0x00007ffca014d000 	C:\Informatica\Libs\libs\javafx-sdk-17.0.6\bin\msvcp140.dll
0x00007ffcb5b90000 - 0x00007ffcb5b99000 	C:\Informatica\Libs\libs\javafx-sdk-17.0.6\bin\msvcp140_1.dll
0x00007ffca7c10000 - 0x00007ffca7c3f000 	C:\Informatica\Libs\libs\javafx-sdk-17.0.6\bin\msvcp140_2.dll
0x00007ffca7be0000 - 0x00007ffca7c0a000 	C:\Informatica\Libs\libs\javafx-sdk-17.0.6\bin\prism_d3d.dll
0x00007ffc79c20000 - 0x00007ffc79ded000 	C:\windows\system32\d3d9.dll
0x00007ffcd33e0000 - 0x00007ffcd340f000 	C:\windows\SYSTEM32\dwmapi.dll
0x00007ffcd3200000 - 0x00007ffcd329e000 	C:\windows\system32\uxtheme.dll
0x00007ffcd73b0000 - 0x00007ffcd74da000 	C:\windows\System32\ole32.dll
0x00007ffcd6250000 - 0x00007ffcd631d000 	C:\windows\System32\OLEAUT32.dll
0x00007ffcd6040000 - 0x00007ffcd608e000 	C:\windows\System32\cfgmgr32.dll
0x00007ffcd6010000 - 0x00007ffcd6037000 	C:\windows\System32\bcrypt.dll
0x00007ffc9ff90000 - 0x00007ffc9ffd2000 	C:\Informatica\Libs\libs\javafx-sdk-17.0.6\bin\glass.dll
0x00007ffcd6170000 - 0x00007ffcd624a000 	C:\windows\System32\COMDLG32.dll
0x00007ffcd7190000 - 0x00007ffcd72a4000 	C:\windows\System32\MSCTF.dll
0x00007ffcccd10000 - 0x00007ffcccd4b000 	C:\windows\SYSTEM32\dxcore.dll
0x00007ffcb2220000 - 0x00007ffcb2234000 	C:\Informatica\Libs\libs\javafx-sdk-17.0.6\bin\javafx_font.dll
0x00007ffcbe350000 - 0x00007ffcbe5cf000 	C:\windows\SYSTEM32\dwrite.dll
0x00007ffcd51a0000 - 0x00007ffcd51b8000 	C:\windows\SYSTEM32\CRYPTSP.dll
0x00007ffcd47f0000 - 0x00007ffcd4824000 	C:\windows\system32\rsaenh.dll
0x00007ffcd56f0000 - 0x00007ffcd571e000 	C:\windows\SYSTEM32\USERENV.dll
0x00007ffcd51c0000 - 0x00007ffcd51cc000 	C:\windows\SYSTEM32\CRYPTBASE.dll
0x00007ffcd4c50000 - 0x00007ffcd4c8c000 	C:\windows\SYSTEM32\IPHLPAPI.DLL
0x00007ffcd6aa0000 - 0x00007ffcd6aa8000 	C:\windows\System32\NSI.dll
0x00007ffcceb90000 - 0x00007ffcceba7000 	C:\windows\SYSTEM32\dhcpcsvc6.DLL
0x00007ffccee80000 - 0x00007ffccee9d000 	C:\windows\SYSTEM32\dhcpcsvc.DLL
0x00007ffcd4c90000 - 0x00007ffcd4d5b000 	C:\windows\SYSTEM32\DNSAPI.dll
0x00007ffcd6970000 - 0x00007ffcd6a19000 	C:\windows\System32\clbcatq.dll
0x00007ffccef30000 - 0x00007ffccf0e4000 	C:\windows\SYSTEM32\WindowsCodecs.dll
0x00007ffc96070000 - 0x00007ffc960ae000 	C:\windows\system32\dataexchange.dll
0x00007ffcd14f0000 - 0x00007ffcd1753000 	C:\windows\system32\d3d11.dll
0x00007ffcd2430000 - 0x00007ffcd2613000 	C:\windows\system32\dcomp.dll
0x00007ffcd40b0000 - 0x00007ffcd41a3000 	C:\windows\system32\dxgi.dll
0x00007ffccf1e0000 - 0x00007ffccf3e0000 	C:\windows\system32\twinapi.appcore.dll
0x00007ffc914b0000 - 0x00007ffc914e4000 	C:\Program Files\Common Files\Microsoft Shared\Ink\rtscom.dll
0x00007ffcc0200000 - 0x00007ffcc02fa000 	C:\windows\SYSTEM32\textinputframework.dll
0x00007ffcd2d00000 - 0x00007ffcd2df2000 	C:\windows\System32\CoreMessaging.dll
0x00007ffcd29a0000 - 0x00007ffcd2cfe000 	C:\windows\System32\CoreUIComponents.dll
0x00007ffcd4980000 - 0x00007ffcd49b3000 	C:\windows\SYSTEM32\ntmarta.dll
0x00007ffcd1d10000 - 0x00007ffcd1e64000 	C:\windows\SYSTEM32\wintypes.dll

dbghelp: loaded successfully - version: 4.0.5 - missing functions: none
symbol engine: initialized successfully - sym options: 0x614 - pdb path: .;C:\Program Files\Java\jdk-11.0.12\bin;C:\windows\SYSTEM32;C:\Program Files\AVG\Antivirus;C:\windows\WinSxS\amd64_microsoft.windows.common-controls_6595b64144ccf1df_6.0.19041.1110_none_60b5254171f9507e;C:\Program Files\Java\jdk-11.0.12\bin\server;C:\Informatica\Libs\libs\javafx-sdk-17.0.6\bin;C:\windows\System32\DriverStore\FileRepository\iigd_dch.inf_amd64_6cad38383965216e;C:\Program Files\Common Files\Microsoft Shared\Ink

VM Arguments:
jvm_args: --module-path=C:\Informatica\Libs\libs\javafx-sdk-17.0.6\lib --add-modules=javafx.controls,javafx.fxml,javafx.base,javafx.web --add-exports=javafx.graphics/com.sun.javafx.sg.prism=ALL-UNNAMED 
java_command: com.ric.academix.App
java_class_path (initial): C:\Proyectos netbeans\academix-main\target\classes;C:\Users\ricar\.m2\repository\org\openjfx\javafx-controls\13\javafx-controls-13.jar;C:\Users\ricar\.m2\repository\org\openjfx\javafx-controls\13\javafx-controls-13-win.jar;C:\Users\ricar\.m2\repository\org\openjfx\javafx-fxml\13\javafx-fxml-13.jar;C:\Users\ricar\.m2\repository\org\openjfx\javafx-fxml\13\javafx-fxml-13-win.jar;C:\Users\ricar\.m2\repository\org\controlsfx\controlsfx\11.1.2\controlsfx-11.1.2.jar;C:\Users\ricar\.m2\repository\com\jfoenix\jfoenix\8.0.10\jfoenix-8.0.10.jar;C:\Users\ricar\.m2\repository\org\openjfx\javafx-graphics\13\javafx-graphics-13.jar;C:\Users\ricar\.m2\repository\org\openjfx\javafx-graphics\13\javafx-graphics-13-win.jar;C:\Users\ricar\.m2\repository\org\openjfx\javafx-base\13\javafx-base-13.jar;C:\Users\ricar\.m2\repository\org\openjfx\javafx-base\13\javafx-base-13-win.jar;C:\Users\ricar\.m2\repository\mysql\mysql-connector-java\8.0.26\mysql-connector-java-8.0.26.jar;C:\Users\ricar\.m2\repository\com\google\protobuf\protobuf-java\3.11.4\protobuf-java-3.11.4.jar;C:\Users\ricar\.m2\repository\org\hibernate\orm\hibernate-core\6.1.6.Final\hibernate-core-6.1.6.Final.jar;C:\Users\ricar\.m2\repository\jakarta\transaction\jakarta.transaction-api\2.0.0\jakarta.transaction-api-2.0.0.jar;C:\Users\ricar\.m2\repository\org\jboss\logging\jboss-logging\3.4.3.Final\jboss-logging-3.4.3.Final.jar;C:\Users\ricar\.m2\repository\org\hibernate\common\hibernate-commons-annotations\6.0.2.Final\hibernate-commons-annotations-6.0.2.Final.jar;C:\Users\ricar\.m2\repository\org\jboss\jandex\2.4.2.Final\jandex-2.4.2.Final.jar;C:\Users\ricar\.m2\repository\com\fasterxml\classmate\1.5.1\classmate-1.5.1.jar;C:\Users\ricar\.m2\repository\net\bytebuddy\byte-buddy\1.12.18\byte-buddy-1.12.18.jar;C:\Users\ricar\.m2\repository\jakarta\xml\bind\jakarta.xml.bind-api\3.0.1\jakarta.xml.bind-api-3.0.1.jar;C:\Users\ricar\.m2\repository\com\sun\activation\jakarta.activation\2.0.1\jakarta.activation-2.
Launcher Type: SUN_STANDARD

[Global flags]
     intx CICompilerCount                          = 4                                         {product} {ergonomic}
     uint ConcGCThreads                            = 3                                         {product} {ergonomic}
     uint G1ConcRefinementThreads                  = 10                                        {product} {ergonomic}
   size_t G1HeapRegionSize                         = 1048576                                   {product} {ergonomic}
    uintx GCDrainStackTargetSize                   = 64                                        {product} {ergonomic}
   size_t InitialHeapSize                          = 266338304                                 {product} {ergonomic}
   size_t MarkStackSize                            = 4194304                                   {product} {ergonomic}
   size_t MaxHeapSize                              = 4255121408                                {product} {ergonomic}
   size_t MaxNewSize                               = 2552233984                                {product} {ergonomic}
   size_t MinHeapDeltaBytes                        = 1048576                                   {product} {ergonomic}
    uintx NonNMethodCodeHeapSize                   = 5836300                                {pd product} {ergonomic}
    uintx NonProfiledCodeHeapSize                  = 122910970                              {pd product} {ergonomic}
    uintx ProfiledCodeHeapSize                     = 122910970                              {pd product} {ergonomic}
    uintx ReservedCodeCacheSize                    = 251658240                              {pd product} {ergonomic}
     bool SegmentedCodeCache                       = true                                      {product} {ergonomic}
     bool UseCompressedClassPointers               = true                                 {lp64_product} {ergonomic}
     bool UseCompressedOops                        = true                                 {lp64_product} {ergonomic}
     bool UseG1GC                                  = true                                      {product} {ergonomic}
     bool UseLargePagesIndividualAllocation        = false                                  {pd product} {ergonomic}

Logging:
Log output configuration:
 #0: stdout all=warning uptime,level,tags
 #1: stderr all=off uptime,level,tags

Environment Variables:
JAVA_HOME=C:\Program Files\Java\jdk-11.0.12
PATH=C:\Program Files\Common Files\Oracle\Java\javapath;C:\windows\system32;C:\windows;C:\windows\System32\Wbem;C:\windows\System32\WindowsPowerShell\v1.0\;C:\windows\System32\OpenSSH\;C:\Program Files\TortoiseSVN\bin;C:\Program Files\Microsoft SQL Server\150\Tools\Binn\;C:\Program Files\Microsoft SQL Server\Client SDK\ODBC\170\Tools\Binn\;C:\Program Files\dotnet\;C:\Program Files\Apache Maven\apache-maven-3.8.7\bin;C:\Program Files\Git\cmd;C:\Program Files\Azure Data Studio\bin;C:\Program Files\AutoFirma\AutoFirma;C:\Program Files\MySQL\MySQL Shell 8.0\bin\;C:\Users\ricar\AppData\Local\Microsoft\WindowsApps;C:\Users\ricar\AppData\Local\Programs\Microsoft VS Code\bin;C:\Program Files\Java\jdk-17.0.4.1\bin;C:\Users\ricar\.dotnet\tools;;C:\Program Files\Azure Data Studio\bin
USERNAME=ricar
OS=Windows_NT
PROCESSOR_IDENTIFIER=Intel64 Family 6 Model 165 Stepping 3, GenuineIntel



---------------  S Y S T E M  ---------------

OS: Windows 10 , 64 bit Build 19041 (10.0.19041.2913)

CPU:total 12 (initial active 12) (6 cores per cpu, 2 threads per core) family 6 model 165 stepping 3 microcode 0xea, cmov, cx8, fxsr, mmx, sse, sse2, sse3, ssse3, sse4.1, sse4.2, popcnt, avx, avx2, aes, clmul, erms, 3dnowpref, lzcnt, ht, tsc, tscinvbit, bmi1, bmi2, adx, fma

Memory: 4k page, system-wide physical 16228M (6278M free)
TotalPageFile size 18660M (AvailPageFile size 4644M)
current process WorkingSet (physical memory assigned to process): 299M, peak: 382M
current process commit charge ("private bytes"): 480M, peak: 561M

vm_info: Java HotSpot(TM) 64-Bit Server VM (11.0.12+8-LTS-237) for windows-amd64 JRE (11.0.12+8-LTS-237), built on Jun  8 2021 11:25:59 by "mach5one" with MS VC++ 15.9 (VS2017)

END.
