#
# A fatal error has been detected by the Java Runtime Environment:
#
#  EXCEPTION_ACCESS_VIOLATION (0xc0000005) at pc=0x00007ffc9ffb6b07, pid=4400, tid=3920
#
# JRE version: Java(TM) SE Runtime Environment 18.9 (11.0.12+8) (build 11.0.12+8-LTS-237)
# Java VM: Java HotSpot(TM) 64-Bit Server VM 18.9 (11.0.12+8-LTS-237, mixed mode, tiered, compressed oops, g1 gc, windows-amd64)
# Problematic frame:
# C  [glass.dll+0x26b07]
#
# No core dump will be written. Minidumps are not enabled by default on client versions of Windows
#
# If you would like to submit a bug report, please visit:
#   https://bugreport.java.com/bugreport/crash.jsp
#

---------------  S U M M A R Y ------------

Command Line: --module-path=C:\Informatica\Libs\libs\javafx-sdk-17.0.6\lib --add-modules=javafx.controls,javafx.fxml,javafx.base,javafx.web --add-exports=javafx.graphics/com.sun.javafx.sg.prism=ALL-UNNAMED com.ric.academix.App

Host: Intel(R) Core(TM) i5-10400 CPU @ 2.90GHz, 12 cores, 15G,  Windows 10 , 64 bit Build 19041 (10.0.19041.2913)
Time: Mon May 15 19:14:09 2023 Hora de verano romance elapsed time: 26.013743 seconds (0d 0h 0m 26s)

---------------  T H R E A D  ---------------

Current thread (0x000001b5cda7c000):  VMThread "VM Thread" [stack: 0x000000919f100000,0x000000919f200000] [id=3920]

Stack: [0x000000919f100000,0x000000919f200000],  sp=0x000000919f1feba0,  free space=1018k
Native frames: (J=compiled Java code, j=interpreted, Vv=VM code, C=native code)
C  [glass.dll+0x26b07]


siginfo: EXCEPTION_ACCESS_VIOLATION (0xc0000005), reading address 0x0000000000000000


Register to memory mapping:

RIP=0x00007ffc9ffb6b07 glass.dll
RAX=0x0 is NULL
RBX=0x000001b5cda9bc10 is a global jni handle
RCX=0x000001b5cda7c000 points into unknown readable memory: 0x00007ffc1f92e868 | 68 e8 92 1f fc 7f 00 00
RDX=0x000000919f1feba0 points into unknown readable memory: 0x0000000000000000 | 00 00 00 00 00 00 00 00
RSP=0x000000919f1feba0 points into unknown readable memory: 0x0000000000000000 | 00 00 00 00 00 00 00 00
RBP=0x000001b5ce821b98 points into unknown readable memory: 0x000055ba179b43bb | bb 43 9b 17 ba 55 00 00
RSI=0x000001b5ce821b70 points into unknown readable memory: 0x60005645f3649a4c | 4c 9a 64 f3 45 56 00 60
RDI=0x000055ba179b43bb is an unknown value
R8 =0x0000000000010002 is an unknown value
R9 =0x000055ba179b43bb is an unknown value
R10=0x0000000000008000 is an unknown value
R11=0x000000919f1feb30 points into unknown readable memory: 0x000001b5ce821b70 | 70 1b 82 ce b5 01 00 00
R12=0x00007ffc9ffb43d4 glass.dll
R13=0x000001b5cda76ef8 points into unknown readable memory: 0x000001b5cda7c000 | 00 c0 a7 cd b5 01 00 00
R14=0x000000919f1fec98 points into unknown readable memory: 0x000000919f1fec80 | 80 ec 1f 9f 91 00 00 00
R15=0x000001b5ce821b70 points into unknown readable memory: 0x60005645f3649a4c | 4c 9a 64 f3 45 56 00 60


Registers:
RAX=0x0000000000000000, RBX=0x000001b5cda9bc10, RCX=0x000001b5cda7c000, RDX=0x000000919f1feba0
RSP=0x000000919f1feba0, RBP=0x000001b5ce821b98, RSI=0x000001b5ce821b70, RDI=0x000055ba179b43bb
R8 =0x0000000000010002, R9 =0x000055ba179b43bb, R10=0x0000000000008000, R11=0x000000919f1feb30
R12=0x00007ffc9ffb43d4, R13=0x000001b5cda76ef8, R14=0x000000919f1fec98, R15=0x000001b5ce821b70
RIP=0x00007ffc9ffb6b07, EFLAGS=0x0000000000010202

Top of Stack: (sp=0x000000919f1feba0)
0x000000919f1feba0:   0000000000000000 000001b5ce821b70
0x000000919f1febb0:   000001b5cda76ef8 00007ffc9ffb43d4
0x000000919f1febc0:   000001b5ce821b78 00007ffcd5b042d6
0x000000919f1febd0:   000055ba179b43bb 000001b500000000
0x000000919f1febe0:   000001b5ce821b98 000001b5ce821b70
0x000000919f1febf0:   fffffffffffffffe 0000000000000000
0x000000919f1fec00:   0000000000000001 00007ffc9ff90000
0x000000919f1fec10:   000000919f1fec88 00007ffcd5b041fb
0x000000919f1fec20:   0000000000000000 000000919f1fec98
0x000000919f1fec30:   000000919f1fef60 00007ffcd5be0e40
0x000000919f1fec40:   0000000000000001 00007ffcd5b041b4
0x000000919f1fec50:   0000000000000000 0000000000000001
0x000000919f1fec60:   00007ffcccd42dd0 000000919f1fec88
0x000000919f1fec70:   000000000000000d 00007ffc9ffb4261
0x000000919f1fec80:   00007ffc9ffca138 00007ffc00000002
0x000000919f1fec90:   0000000000000002 000000919f1fec80 

Instructions: (pc=0x00007ffc9ffb6b07)
0x00007ffc9ffb6ae7:   cc cc cc cc cc cc cc cc cc 40 53 48 83 ec 20 48
0x00007ffc9ffb6af7:   8b 1d 33 30 01 00 48 85 db 74 16 e8 09 8b ff ff
0x00007ffc9ffb6b07:   4c 8b 00 48 8b d3 48 8b c8 41 ff 90 b0 00 00 00
0x00007ffc9ffb6b17:   90 48 83 c4 20 5b c3 cc cc 40 53 48 83 ec 20 48 


Stack slot to memory mapping:
stack at sp + 0 slots: 0x0 is NULL
stack at sp + 1 slots: 0x000001b5ce821b70 points into unknown readable memory: 0x60005645f3649a4c | 4c 9a 64 f3 45 56 00 60
stack at sp + 2 slots: 0x000001b5cda76ef8 points into unknown readable memory: 0x000001b5cda7c000 | 00 c0 a7 cd b5 01 00 00
stack at sp + 3 slots: 0x00007ffc9ffb43d4 glass.dll
stack at sp + 4 slots: 0x000001b5ce821b78 points into unknown readable memory: 0x000055ba179b43bb | bb 43 9b 17 ba 55 00 00
stack at sp + 5 slots: 0x00007ffcd5b042d6 ucrtbase.dll
stack at sp + 6 slots: 0x000055ba179b43bb is an unknown value
stack at sp + 7 slots: 0x000001b500000000 is an unknown value

VM_Operation (0x00000091a00f1b40): Exit, mode: safepoint, requested by thread 0x000001b5cf3b6000


---------------  P R O C E S S  ---------------

Threads class SMR info:
_java_thread_list=0x000001b5d55b7590, length=19, elements={
0x000001b5a9c34800, 0x000001b5cda7d800, 0x000001b5cda7f000, 0x000001b5ce39a000,
0x000001b5ce39c000, 0x000001b5ce39d000, 0x000001b5ce39e000, 0x000001b5ce347800,
0x000001b5ce348800, 0x000001b5ce518000, 0x000001b5cf2f7000, 0x000001b5cfc74000,
0x000001b5cf3b6000, 0x000001b5d49ef000, 0x000001b5cf9cb800, 0x000001b5ce571800,
0x000001b5d578e000, 0x000001b5ce57f800, 0x000001b5cf08f800
}

Java Threads: ( => current thread )
  0x000001b5a9c34800 JavaThread "main" [_thread_blocked, id=22432, stack(0x000000919eb00000,0x000000919ec00000)]
  0x000001b5cda7d800 JavaThread "Reference Handler" daemon [_thread_blocked, id=100, stack(0x000000919f200000,0x000000919f300000)]
  0x000001b5cda7f000 JavaThread "Finalizer" daemon [_thread_blocked, id=6428, stack(0x000000919f300000,0x000000919f400000)]
  0x000001b5ce39a000 JavaThread "Signal Dispatcher" daemon [_thread_blocked, id=15312, stack(0x000000919f400000,0x000000919f500000)]
  0x000001b5ce39c000 JavaThread "Attach Listener" daemon [_thread_blocked, id=18880, stack(0x000000919f500000,0x000000919f600000)]
  0x000001b5ce39d000 JavaThread "Service Thread" daemon [_thread_blocked, id=18448, stack(0x000000919f600000,0x000000919f700000)]
  0x000001b5ce39e000 JavaThread "C2 CompilerThread0" daemon [_thread_blocked, id=14256, stack(0x000000919f700000,0x000000919f800000)]
  0x000001b5ce347800 JavaThread "C1 CompilerThread0" daemon [_thread_blocked, id=11944, stack(0x000000919f800000,0x000000919f900000)]
  0x000001b5ce348800 JavaThread "Sweeper thread" daemon [_thread_blocked, id=3260, stack(0x000000919f900000,0x000000919fa00000)]
  0x000001b5ce518000 JavaThread "Common-Cleaner" daemon [_thread_blocked, id=22128, stack(0x000000919fa00000,0x000000919fb00000)]
  0x000001b5cf2f7000 JavaThread "QuantumRenderer-0" daemon [_thread_blocked, id=1296, stack(0x000000919fe00000,0x000000919ff00000)]
  0x000001b5cfc74000 JavaThread "InvokeLaterDispatcher" daemon [_thread_blocked, id=20880, stack(0x000000919ff00000,0x00000091a0000000)]
  0x000001b5cf3b6000 JavaThread "JavaFX Application Thread" [_thread_blocked, id=21172, stack(0x00000091a0000000,0x00000091a0100000)]
  0x000001b5d49ef000 JavaThread "JavaFX-Launcher" [_thread_blocked, id=15444, stack(0x00000091a0500000,0x00000091a0600000)]
  0x000001b5cf9cb800 JavaThread "Thread-2" daemon [_thread_in_native, id=15700, stack(0x00000091a0400000,0x00000091a0500000)]
  0x000001b5ce571800 JavaThread "Prism Font Disposer" daemon [_thread_blocked, id=20280, stack(0x000000919fc00000,0x000000919fd00000)]
  0x000001b5d578e000 JavaThread "Cleaner-0" daemon [_thread_blocked, id=1460, stack(0x00000091a1000000,0x00000091a1100000)]
  0x000001b5ce57f800 JavaThread "mysql-cj-abandoned-connection-cleanup" daemon [_thread_blocked, id=20808, stack(0x00000091a1400000,0x00000091a1500000)]
  0x000001b5cf08f800 JavaThread "Hibernate Connection Pool Validation Thread" daemon [_thread_blocked, id=12536, stack(0x00000091a1500000,0x00000091a1600000)]

Other Threads:
=>0x000001b5cda7c000 VMThread "VM Thread" [stack: 0x000000919f100000,0x000000919f200000] [id=3920]
  0x000001b5a9c4a800 GCTaskThread "GC Thread#0" [stack: 0x000000919ec00000,0x000000919ed00000] [id=14180]
  0x000001b5cf0b7000 GCTaskThread "GC Thread#1" [stack: 0x00000091a0600000,0x00000091a0700000] [id=9524]
  0x000001b5cf9ca800 GCTaskThread "GC Thread#2" [stack: 0x00000091a0700000,0x00000091a0800000] [id=20904]
  0x000001b5cfd00800 GCTaskThread "GC Thread#3" [stack: 0x00000091a0800000,0x00000091a0900000] [id=12472]
  0x000001b5cf0b4000 GCTaskThread "GC Thread#4" [stack: 0x00000091a0900000,0x00000091a0a00000] [id=22748]
  0x000001b5cf938000 GCTaskThread "GC Thread#5" [stack: 0x00000091a0a00000,0x00000091a0b00000] [id=12796]
  0x000001b5a9ca9000 ConcurrentGCThread "G1 Main Marker" [stack: 0x000000919ed00000,0x000000919ee00000] [id=8156]
  0x000001b5a9caa800 ConcurrentGCThread "G1 Conc#0" [stack: 0x000000919ee00000,0x000000919ef00000] [id=4996]
  0x000001b5cef10800 ConcurrentGCThread "G1 Conc#1" [stack: 0x00000091a0e00000,0x00000091a0f00000] [id=16156]
  0x000001b5cfb42800 ConcurrentGCThread "G1 Conc#2" [stack: 0x00000091a0f00000,0x00000091a1000000] [id=12940]
  0x000001b5cd966000 ConcurrentGCThread "G1 Refine#0" [stack: 0x000000919ef00000,0x000000919f000000] [id=23436]
  0x000001b5cd966800 ConcurrentGCThread "G1 Young RemSet Sampling" [stack: 0x000000919f000000,0x000000919f100000] [id=21128]

Threads with active compile tasks:
C1 CompilerThread0  26176 5323   !   3       java.util.logging.LogManager$LoggerContext::findLogger (113 bytes)

VM state:at safepoint (shutting down)

VM Mutex/Monitor currently owned by a thread:  ([mutex/lock_event])
[0x000001b5a9c31580] Threads_lock - owner thread: 0x000001b5cda7c000

Heap address: 0x0000000702600000, size: 4058 MB, Compressed Oops mode: Zero based, Oop shift amount: 3
Narrow klass base: 0x0000000800000000, Narrow klass shift: 0
Compressed class space size: 1073741824 Address: 0x0000000800000000

Heap:
 garbage-first heap   total 260096K, used 52287K [0x0000000702600000, 0x0000000800000000)
  region size 1024K, 39 young (39936K), 10 survivors (10240K)
 Metaspace       used 63146K, capacity 64707K, committed 64896K, reserved 1105920K
  class space    used 8414K, capacity 9071K, committed 9088K, reserved 1048576K
Heap Regions: E=young(eden), S=young(survivor), O=old, HS=humongous(starts), HC=humongous(continues), CS=collection set, F=free, A=archive, TAMS=top-at-mark-start (previous, next)
|   0|0x0000000702600000, 0x0000000702700000, 0x0000000702700000|100%| O|  |TAMS 0x0000000702700000, 0x0000000702600000| Untracked 
|   1|0x0000000702700000, 0x0000000702800000, 0x0000000702800000|100%| O|  |TAMS 0x0000000702800000, 0x0000000702700000| Untracked 
|   2|0x0000000702800000, 0x0000000702900000, 0x0000000702900000|100%|HS|  |TAMS 0x0000000702900000, 0x0000000702800000| Complete 
|   3|0x0000000702900000, 0x0000000702a00000, 0x0000000702a00000|100%|HS|  |TAMS 0x0000000702a00000, 0x0000000702900000| Complete 
|   4|0x0000000702a00000, 0x0000000702b00000, 0x0000000702b00000|100%|HS|  |TAMS 0x0000000702b00000, 0x0000000702a00000| Complete 
|   5|0x0000000702b00000, 0x0000000702c00000, 0x0000000702c00000|100%|HC|  |TAMS 0x0000000702c00000, 0x0000000702b00000| Complete 
|   6|0x0000000702c00000, 0x0000000702d00000, 0x0000000702d00000|100%| O|  |TAMS 0x0000000702d00000, 0x0000000702c00000| Untracked 
|   7|0x0000000702d00000, 0x0000000702e00000, 0x0000000702e00000|100%| O|  |TAMS 0x0000000702e00000, 0x0000000702d00000| Untracked 
|   8|0x0000000702e00000, 0x0000000702f00000, 0x0000000702f00000|100%| O|  |TAMS 0x0000000702f00000, 0x0000000702e00000| Untracked 
|   9|0x0000000702f00000, 0x0000000703000000, 0x0000000703000000|100%| O|  |TAMS 0x0000000703000000, 0x0000000702f00000| Untracked 
|  10|0x0000000703000000, 0x0000000703100000, 0x0000000703100000|100%| O|  |TAMS 0x0000000703100000, 0x0000000703000000| Untracked 
|  11|0x0000000703100000, 0x0000000703200000, 0x0000000703200000|100%| O|  |TAMS 0x0000000703200000, 0x0000000703100000| Untracked 
|  12|0x0000000703200000, 0x00000007032d4a00, 0x0000000703300000| 83%| O|  |TAMS 0x00000007032d4a00, 0x0000000703200000| Untracked 
|  13|0x0000000703300000, 0x0000000703400000, 0x0000000703400000|100%|HS|  |TAMS 0x0000000703300000, 0x0000000703300000| Complete 
|  14|0x0000000703400000, 0x0000000703500000, 0x0000000703500000|100%|HS|  |TAMS 0x0000000703400000, 0x0000000703400000| Complete 
|  15|0x0000000703500000, 0x0000000703500000, 0x0000000703600000|  0%| F|  |TAMS 0x0000000703500000, 0x0000000703500000| Untracked 
|  16|0x0000000703600000, 0x0000000703600000, 0x0000000703700000|  0%| F|  |TAMS 0x0000000703600000, 0x0000000703600000| Untracked 
|  17|0x0000000703700000, 0x0000000703700000, 0x0000000703800000|  0%| F|  |TAMS 0x0000000703700000, 0x0000000703700000| Untracked 
|  18|0x0000000703800000, 0x0000000703800000, 0x0000000703900000|  0%| F|  |TAMS 0x0000000703800000, 0x0000000703800000| Untracked 
|  19|0x0000000703900000, 0x0000000703900000, 0x0000000703a00000|  0%| F|  |TAMS 0x0000000703900000, 0x0000000703900000| Untracked 
|  20|0x0000000703a00000, 0x0000000703a00000, 0x0000000703b00000|  0%| F|  |TAMS 0x0000000703a00000, 0x0000000703a00000| Untracked 
|  21|0x0000000703b00000, 0x0000000703b00000, 0x0000000703c00000|  0%| F|  |TAMS 0x0000000703b00000, 0x0000000703b00000| Untracked 
|  22|0x0000000703c00000, 0x0000000703c00000, 0x0000000703d00000|  0%| F|  |TAMS 0x0000000703c00000, 0x0000000703c00000| Untracked 
|  23|0x0000000703d00000, 0x0000000703d00000, 0x0000000703e00000|  0%| F|  |TAMS 0x0000000703d00000, 0x0000000703d00000| Untracked 
|  24|0x0000000703e00000, 0x0000000703e00000, 0x0000000703f00000|  0%| F|  |TAMS 0x0000000703e00000, 0x0000000703e00000| Untracked 
|  25|0x0000000703f00000, 0x0000000703f00000, 0x0000000704000000|  0%| F|  |TAMS 0x0000000703f00000, 0x0000000703f00000| Untracked 
|  26|0x0000000704000000, 0x0000000704000000, 0x0000000704100000|  0%| F|  |TAMS 0x0000000704000000, 0x0000000704000000| Untracked 
|  27|0x0000000704100000, 0x0000000704100000, 0x0000000704200000|  0%| F|  |TAMS 0x0000000704100000, 0x0000000704100000| Untracked 
|  28|0x0000000704200000, 0x0000000704200000, 0x0000000704300000|  0%| F|  |TAMS 0x0000000704200000, 0x0000000704200000| Untracked 
|  29|0x0000000704300000, 0x0000000704300000, 0x0000000704400000|  0%| F|  |TAMS 0x0000000704300000, 0x0000000704300000| Untracked 
|  30|0x0000000704400000, 0x0000000704400000, 0x0000000704500000|  0%| F|  |TAMS 0x0000000704400000, 0x0000000704400000| Untracked 
|  31|0x0000000704500000, 0x0000000704500000, 0x0000000704600000|  0%| F|  |TAMS 0x0000000704500000, 0x0000000704500000| Untracked 
|  32|0x0000000704600000, 0x0000000704600000, 0x0000000704700000|  0%| F|  |TAMS 0x0000000704600000, 0x0000000704600000| Untracked 
|  33|0x0000000704700000, 0x0000000704700000, 0x0000000704800000|  0%| F|  |TAMS 0x0000000704700000, 0x0000000704700000| Untracked 
|  34|0x0000000704800000, 0x0000000704800000, 0x0000000704900000|  0%| F|  |TAMS 0x0000000704800000, 0x0000000704800000| Untracked 
|  35|0x0000000704900000, 0x0000000704900000, 0x0000000704a00000|  0%| F|  |TAMS 0x0000000704900000, 0x0000000704900000| Untracked 
|  36|0x0000000704a00000, 0x0000000704a00000, 0x0000000704b00000|  0%| F|  |TAMS 0x0000000704a00000, 0x0000000704a00000| Untracked 
|  37|0x0000000704b00000, 0x0000000704b00000, 0x0000000704c00000|  0%| F|  |TAMS 0x0000000704b00000, 0x0000000704b00000| Untracked 
|  38|0x0000000704c00000, 0x0000000704c00000, 0x0000000704d00000|  0%| F|  |TAMS 0x0000000704c00000, 0x0000000704c00000| Untracked 
|  39|0x0000000704d00000, 0x0000000704d00000, 0x0000000704e00000|  0%| F|  |TAMS 0x0000000704d00000, 0x0000000704d00000| Untracked 
|  40|0x0000000704e00000, 0x0000000704e00000, 0x0000000704f00000|  0%| F|  |TAMS 0x0000000704e00000, 0x0000000704e00000| Untracked 
|  41|0x0000000704f00000, 0x0000000704f00000, 0x0000000705000000|  0%| F|  |TAMS 0x0000000704f00000, 0x0000000704f00000| Untracked 
|  42|0x0000000705000000, 0x0000000705000000, 0x0000000705100000|  0%| F|  |TAMS 0x0000000705000000, 0x0000000705000000| Untracked 
|  43|0x0000000705100000, 0x0000000705100000, 0x0000000705200000|  0%| F|  |TAMS 0x0000000705100000, 0x0000000705100000| Untracked 
|  44|0x0000000705200000, 0x0000000705200000, 0x0000000705300000|  0%| F|  |TAMS 0x0000000705200000, 0x0000000705200000| Untracked 
|  45|0x0000000705300000, 0x0000000705300000, 0x0000000705400000|  0%| F|  |TAMS 0x0000000705300000, 0x0000000705300000| Untracked 
|  46|0x0000000705400000, 0x0000000705400000, 0x0000000705500000|  0%| F|  |TAMS 0x0000000705400000, 0x0000000705400000| Untracked 
|  47|0x0000000705500000, 0x0000000705500000, 0x0000000705600000|  0%| F|  |TAMS 0x0000000705500000, 0x0000000705500000| Untracked 
|  48|0x0000000705600000, 0x0000000705600000, 0x0000000705700000|  0%| F|  |TAMS 0x0000000705600000, 0x0000000705600000| Untracked 
|  49|0x0000000705700000, 0x0000000705700000, 0x0000000705800000|  0%| F|  |TAMS 0x0000000705700000, 0x0000000705700000| Untracked 
|  50|0x0000000705800000, 0x0000000705800000, 0x0000000705900000|  0%| F|  |TAMS 0x0000000705800000, 0x0000000705800000| Untracked 
|  51|0x0000000705900000, 0x0000000705900000, 0x0000000705a00000|  0%| F|  |TAMS 0x0000000705900000, 0x0000000705900000| Untracked 
|  52|0x0000000705a00000, 0x0000000705a00000, 0x0000000705b00000|  0%| F|  |TAMS 0x0000000705a00000, 0x0000000705a00000| Untracked 
|  53|0x0000000705b00000, 0x0000000705b00000, 0x0000000705c00000|  0%| F|  |TAMS 0x0000000705b00000, 0x0000000705b00000| Untracked 
|  54|0x0000000705c00000, 0x0000000705c00000, 0x0000000705d00000|  0%| F|  |TAMS 0x0000000705c00000, 0x0000000705c00000| Untracked 
|  55|0x0000000705d00000, 0x0000000705d00000, 0x0000000705e00000|  0%| F|  |TAMS 0x0000000705d00000, 0x0000000705d00000| Untracked 
|  56|0x0000000705e00000, 0x0000000705e00000, 0x0000000705f00000|  0%| F|  |TAMS 0x0000000705e00000, 0x0000000705e00000| Untracked 
|  57|0x0000000705f00000, 0x0000000705f00000, 0x0000000706000000|  0%| F|  |TAMS 0x0000000705f00000, 0x0000000705f00000| Untracked 
|  58|0x0000000706000000, 0x0000000706000000, 0x0000000706100000|  0%| F|  |TAMS 0x0000000706000000, 0x0000000706000000| Untracked 
|  59|0x0000000706100000, 0x0000000706100000, 0x0000000706200000|  0%| F|  |TAMS 0x0000000706100000, 0x0000000706100000| Untracked 
|  60|0x0000000706200000, 0x0000000706200000, 0x0000000706300000|  0%| F|  |TAMS 0x0000000706200000, 0x0000000706200000| Untracked 
|  61|0x0000000706300000, 0x0000000706300000, 0x0000000706400000|  0%| F|  |TAMS 0x0000000706300000, 0x0000000706300000| Untracked 
|  62|0x0000000706400000, 0x0000000706400000, 0x0000000706500000|  0%| F|  |TAMS 0x0000000706400000, 0x0000000706400000| Untracked 
|  63|0x0000000706500000, 0x0000000706500000, 0x0000000706600000|  0%| F|  |TAMS 0x0000000706500000, 0x0000000706500000| Untracked 
|  64|0x0000000706600000, 0x0000000706600000, 0x0000000706700000|  0%| F|  |TAMS 0x0000000706600000, 0x0000000706600000| Untracked 
|  65|0x0000000706700000, 0x0000000706700000, 0x0000000706800000|  0%| F|  |TAMS 0x0000000706700000, 0x0000000706700000| Untracked 
|  66|0x0000000706800000, 0x0000000706800000, 0x0000000706900000|  0%| F|  |TAMS 0x0000000706800000, 0x0000000706800000| Untracked 
|  67|0x0000000706900000, 0x0000000706900000, 0x0000000706a00000|  0%| F|  |TAMS 0x0000000706900000, 0x0000000706900000| Untracked 
|  68|0x0000000706a00000, 0x0000000706a00000, 0x0000000706b00000|  0%| F|  |TAMS 0x0000000706a00000, 0x0000000706a00000| Untracked 
|  69|0x0000000706b00000, 0x0000000706b00000, 0x0000000706c00000|  0%| F|  |TAMS 0x0000000706b00000, 0x0000000706b00000| Untracked 
|  70|0x0000000706c00000, 0x0000000706c00000, 0x0000000706d00000|  0%| F|  |TAMS 0x0000000706c00000, 0x0000000706c00000| Untracked 
|  71|0x0000000706d00000, 0x0000000706d00000, 0x0000000706e00000|  0%| F|  |TAMS 0x0000000706d00000, 0x0000000706d00000| Untracked 
|  72|0x0000000706e00000, 0x0000000706e00000, 0x0000000706f00000|  0%| F|  |TAMS 0x0000000706e00000, 0x0000000706e00000| Untracked 
|  73|0x0000000706f00000, 0x0000000706f00000, 0x0000000707000000|  0%| F|  |TAMS 0x0000000706f00000, 0x0000000706f00000| Untracked 
|  74|0x0000000707000000, 0x0000000707000000, 0x0000000707100000|  0%| F|  |TAMS 0x0000000707000000, 0x0000000707000000| Untracked 
|  75|0x0000000707100000, 0x0000000707100000, 0x0000000707200000|  0%| F|  |TAMS 0x0000000707100000, 0x0000000707100000| Untracked 
|  76|0x0000000707200000, 0x0000000707200000, 0x0000000707300000|  0%| F|  |TAMS 0x0000000707200000, 0x0000000707200000| Untracked 
|  77|0x0000000707300000, 0x0000000707300000, 0x0000000707400000|  0%| F|  |TAMS 0x0000000707300000, 0x0000000707300000| Untracked 
|  78|0x0000000707400000, 0x0000000707400000, 0x0000000707500000|  0%| F|  |TAMS 0x0000000707400000, 0x0000000707400000| Untracked 
|  79|0x0000000707500000, 0x0000000707500000, 0x0000000707600000|  0%| F|  |TAMS 0x0000000707500000, 0x0000000707500000| Untracked 
|  80|0x0000000707600000, 0x0000000707600000, 0x0000000707700000|  0%| F|  |TAMS 0x0000000707600000, 0x0000000707600000| Untracked 
|  81|0x0000000707700000, 0x0000000707700000, 0x0000000707800000|  0%| F|  |TAMS 0x0000000707700000, 0x0000000707700000| Untracked 
|  82|0x0000000707800000, 0x0000000707800000, 0x0000000707900000|  0%| F|  |TAMS 0x0000000707800000, 0x0000000707800000| Untracked 
|  83|0x0000000707900000, 0x0000000707900000, 0x0000000707a00000|  0%| F|  |TAMS 0x0000000707900000, 0x0000000707900000| Untracked 
|  84|0x0000000707a00000, 0x0000000707a00000, 0x0000000707b00000|  0%| F|  |TAMS 0x0000000707a00000, 0x0000000707a00000| Untracked 
|  85|0x0000000707b00000, 0x0000000707b00000, 0x0000000707c00000|  0%| F|  |TAMS 0x0000000707b00000, 0x0000000707b00000| Untracked 
|  86|0x0000000707c00000, 0x0000000707c00000, 0x0000000707d00000|  0%| F|  |TAMS 0x0000000707c00000, 0x0000000707c00000| Untracked 
|  87|0x0000000707d00000, 0x0000000707d00000, 0x0000000707e00000|  0%| F|  |TAMS 0x0000000707d00000, 0x0000000707d00000| Untracked 
|  88|0x0000000707e00000, 0x0000000707e00000, 0x0000000707f00000|  0%| F|  |TAMS 0x0000000707e00000, 0x0000000707e00000| Untracked 
|  89|0x0000000707f00000, 0x0000000707f00000, 0x0000000708000000|  0%| F|  |TAMS 0x0000000707f00000, 0x0000000707f00000| Untracked 
|  90|0x0000000708000000, 0x0000000708000000, 0x0000000708100000|  0%| F|  |TAMS 0x0000000708000000, 0x0000000708000000| Untracked 
|  91|0x0000000708100000, 0x0000000708100000, 0x0000000708200000|  0%| F|  |TAMS 0x0000000708100000, 0x0000000708100000| Untracked 
|  92|0x0000000708200000, 0x0000000708200000, 0x0000000708300000|  0%| F|  |TAMS 0x0000000708200000, 0x0000000708200000| Untracked 
|  93|0x0000000708300000, 0x0000000708300000, 0x0000000708400000|  0%| F|  |TAMS 0x0000000708300000, 0x0000000708300000| Untracked 
|  94|0x0000000708400000, 0x0000000708400000, 0x0000000708500000|  0%| F|  |TAMS 0x0000000708400000, 0x0000000708400000| Untracked 
|  95|0x0000000708500000, 0x0000000708500000, 0x0000000708600000|  0%| F|  |TAMS 0x0000000708500000, 0x0000000708500000| Untracked 
|  96|0x0000000708600000, 0x0000000708600000, 0x0000000708700000|  0%| F|  |TAMS 0x0000000708600000, 0x0000000708600000| Untracked 
|  97|0x0000000708700000, 0x0000000708700000, 0x0000000708800000|  0%| F|  |TAMS 0x0000000708700000, 0x0000000708700000| Untracked 
|  98|0x0000000708800000, 0x0000000708800000, 0x0000000708900000|  0%| F|  |TAMS 0x0000000708800000, 0x0000000708800000| Untracked 
|  99|0x0000000708900000, 0x0000000708900000, 0x0000000708a00000|  0%| F|  |TAMS 0x0000000708900000, 0x0000000708900000| Untracked 
| 100|0x0000000708a00000, 0x0000000708a00000, 0x0000000708b00000|  0%| F|  |TAMS 0x0000000708a00000, 0x0000000708a00000| Untracked 
| 101|0x0000000708b00000, 0x0000000708b00000, 0x0000000708c00000|  0%| F|  |TAMS 0x0000000708b00000, 0x0000000708b00000| Untracked 
| 102|0x0000000708c00000, 0x0000000708c00000, 0x0000000708d00000|  0%| F|  |TAMS 0x0000000708c00000, 0x0000000708c00000| Untracked 
| 103|0x0000000708d00000, 0x0000000708d00000, 0x0000000708e00000|  0%| F|  |TAMS 0x0000000708d00000, 0x0000000708d00000| Untracked 
| 104|0x0000000708e00000, 0x0000000708e00000, 0x0000000708f00000|  0%| F|  |TAMS 0x0000000708e00000, 0x0000000708e00000| Untracked 
| 105|0x0000000708f00000, 0x0000000708f00000, 0x0000000709000000|  0%| F|  |TAMS 0x0000000708f00000, 0x0000000708f00000| Untracked 
| 106|0x0000000709000000, 0x0000000709000000, 0x0000000709100000|  0%| F|  |TAMS 0x0000000709000000, 0x0000000709000000| Untracked 
| 107|0x0000000709100000, 0x0000000709100000, 0x0000000709200000|  0%| F|  |TAMS 0x0000000709100000, 0x0000000709100000| Untracked 
| 108|0x0000000709200000, 0x0000000709200000, 0x0000000709300000|  0%| F|  |TAMS 0x0000000709200000, 0x0000000709200000| Untracked 
| 109|0x0000000709300000, 0x0000000709300000, 0x0000000709400000|  0%| F|  |TAMS 0x0000000709300000, 0x0000000709300000| Untracked 
| 110|0x0000000709400000, 0x0000000709400000, 0x0000000709500000|  0%| F|  |TAMS 0x0000000709400000, 0x0000000709400000| Untracked 
| 111|0x0000000709500000, 0x0000000709500000, 0x0000000709600000|  0%| F|  |TAMS 0x0000000709500000, 0x0000000709500000| Untracked 
| 112|0x0000000709600000, 0x0000000709600000, 0x0000000709700000|  0%| F|  |TAMS 0x0000000709600000, 0x0000000709600000| Untracked 
| 113|0x0000000709700000, 0x0000000709700000, 0x0000000709800000|  0%| F|  |TAMS 0x0000000709700000, 0x0000000709700000| Untracked 
| 114|0x0000000709800000, 0x0000000709800000, 0x0000000709900000|  0%| F|  |TAMS 0x0000000709800000, 0x0000000709800000| Untracked 
| 115|0x0000000709900000, 0x0000000709900000, 0x0000000709a00000|  0%| F|  |TAMS 0x0000000709900000, 0x0000000709900000| Untracked 
| 116|0x0000000709a00000, 0x0000000709a00000, 0x0000000709b00000|  0%| F|  |TAMS 0x0000000709a00000, 0x0000000709a00000| Untracked 
| 117|0x0000000709b00000, 0x0000000709b00000, 0x0000000709c00000|  0%| F|  |TAMS 0x0000000709b00000, 0x0000000709b00000| Untracked 
| 118|0x0000000709c00000, 0x0000000709c00000, 0x0000000709d00000|  0%| F|  |TAMS 0x0000000709c00000, 0x0000000709c00000| Untracked 
| 119|0x0000000709d00000, 0x0000000709d00000, 0x0000000709e00000|  0%| F|  |TAMS 0x0000000709d00000, 0x0000000709d00000| Untracked 
| 120|0x0000000709e00000, 0x0000000709e00000, 0x0000000709f00000|  0%| F|  |TAMS 0x0000000709e00000, 0x0000000709e00000| Untracked 
| 121|0x0000000709f00000, 0x0000000709f00000, 0x000000070a000000|  0%| F|  |TAMS 0x0000000709f00000, 0x0000000709f00000| Untracked 
| 122|0x000000070a000000, 0x000000070a000000, 0x000000070a100000|  0%| F|  |TAMS 0x000000070a000000, 0x000000070a000000| Untracked 
| 123|0x000000070a100000, 0x000000070a100000, 0x000000070a200000|  0%| F|  |TAMS 0x000000070a100000, 0x000000070a100000| Untracked 
| 124|0x000000070a200000, 0x000000070a200000, 0x000000070a300000|  0%| F|  |TAMS 0x000000070a200000, 0x000000070a200000| Untracked 
| 125|0x000000070a300000, 0x000000070a300000, 0x000000070a400000|  0%| F|  |TAMS 0x000000070a300000, 0x000000070a300000| Untracked 
| 126|0x000000070a400000, 0x000000070a400000, 0x000000070a500000|  0%| F|  |TAMS 0x000000070a400000, 0x000000070a400000| Untracked 
| 127|0x000000070a500000, 0x000000070a500000, 0x000000070a600000|  0%| F|  |TAMS 0x000000070a500000, 0x000000070a500000| Untracked 
| 128|0x000000070a600000, 0x000000070a600000, 0x000000070a700000|  0%| F|  |TAMS 0x000000070a600000, 0x000000070a600000| Untracked 
| 129|0x000000070a700000, 0x000000070a700000, 0x000000070a800000|  0%| F|  |TAMS 0x000000070a700000, 0x000000070a700000| Untracked 
| 130|0x000000070a800000, 0x000000070a800000, 0x000000070a900000|  0%| F|  |TAMS 0x000000070a800000, 0x000000070a800000| Untracked 
| 131|0x000000070a900000, 0x000000070a900000, 0x000000070aa00000|  0%| F|  |TAMS 0x000000070a900000, 0x000000070a900000| Untracked 
| 132|0x000000070aa00000, 0x000000070aa00000, 0x000000070ab00000|  0%| F|  |TAMS 0x000000070aa00000, 0x000000070aa00000| Untracked 
| 133|0x000000070ab00000, 0x000000070ab00000, 0x000000070ac00000|  0%| F|  |TAMS 0x000000070ab00000, 0x000000070ab00000| Untracked 
| 134|0x000000070ac00000, 0x000000070ac00000, 0x000000070ad00000|  0%| F|  |TAMS 0x000000070ac00000, 0x000000070ac00000| Untracked 
| 135|0x000000070ad00000, 0x000000070ad00000, 0x000000070ae00000|  0%| F|  |TAMS 0x000000070ad00000, 0x000000070ad00000| Untracked 
| 136|0x000000070ae00000, 0x000000070ae00000, 0x000000070af00000|  0%| F|  |TAMS 0x000000070ae00000, 0x000000070ae00000| Untracked 
| 137|0x000000070af00000, 0x000000070af00000, 0x000000070b000000|  0%| F|  |TAMS 0x000000070af00000, 0x000000070af00000| Untracked 
| 138|0x000000070b000000, 0x000000070b000000, 0x000000070b100000|  0%| F|  |TAMS 0x000000070b000000, 0x000000070b000000| Untracked 
| 139|0x000000070b100000, 0x000000070b100000, 0x000000070b200000|  0%| F|  |TAMS 0x000000070b100000, 0x000000070b100000| Untracked 
| 140|0x000000070b200000, 0x000000070b200000, 0x000000070b300000|  0%| F|  |TAMS 0x000000070b200000, 0x000000070b200000| Untracked 
| 141|0x000000070b300000, 0x000000070b300000, 0x000000070b400000|  0%| F|  |TAMS 0x000000070b300000, 0x000000070b300000| Untracked 
| 142|0x000000070b400000, 0x000000070b400000, 0x000000070b500000|  0%| F|  |TAMS 0x000000070b400000, 0x000000070b400000| Untracked 
| 143|0x000000070b500000, 0x000000070b500000, 0x000000070b600000|  0%| F|  |TAMS 0x000000070b500000, 0x000000070b500000| Untracked 
| 144|0x000000070b600000, 0x000000070b600000, 0x000000070b700000|  0%| F|  |TAMS 0x000000070b600000, 0x000000070b600000| Untracked 
| 145|0x000000070b700000, 0x000000070b73b550, 0x000000070b800000| 23%| S|CS|TAMS 0x000000070b700000, 0x000000070b700000| Complete 
| 146|0x000000070b800000, 0x000000070b900000, 0x000000070b900000|100%| S|CS|TAMS 0x000000070b800000, 0x000000070b800000| Complete 
| 147|0x000000070b900000, 0x000000070ba00000, 0x000000070ba00000|100%| S|CS|TAMS 0x000000070b900000, 0x000000070b900000| Complete 
| 148|0x000000070ba00000, 0x000000070bb00000, 0x000000070bb00000|100%| S|CS|TAMS 0x000000070ba00000, 0x000000070ba00000| Complete 
| 149|0x000000070bb00000, 0x000000070bc00000, 0x000000070bc00000|100%| S|CS|TAMS 0x000000070bb00000, 0x000000070bb00000| Complete 
| 150|0x000000070bc00000, 0x000000070bd00000, 0x000000070bd00000|100%| S|CS|TAMS 0x000000070bc00000, 0x000000070bc00000| Complete 
| 151|0x000000070bd00000, 0x000000070be00000, 0x000000070be00000|100%| S|CS|TAMS 0x000000070bd00000, 0x000000070bd00000| Complete 
| 152|0x000000070be00000, 0x000000070bf00000, 0x000000070bf00000|100%| S|CS|TAMS 0x000000070be00000, 0x000000070be00000| Complete 
| 153|0x000000070bf00000, 0x000000070c000000, 0x000000070c000000|100%| S|CS|TAMS 0x000000070bf00000, 0x000000070bf00000| Complete 
| 154|0x000000070c000000, 0x000000070c100000, 0x000000070c100000|100%| S|CS|TAMS 0x000000070c000000, 0x000000070c000000| Complete 
| 155|0x000000070c100000, 0x000000070c100000, 0x000000070c200000|  0%| F|  |TAMS 0x000000070c100000, 0x000000070c100000| Untracked 
| 156|0x000000070c200000, 0x000000070c200000, 0x000000070c300000|  0%| F|  |TAMS 0x000000070c200000, 0x000000070c200000| Untracked 
| 157|0x000000070c300000, 0x000000070c300000, 0x000000070c400000|  0%| F|  |TAMS 0x000000070c300000, 0x000000070c300000| Untracked 
| 158|0x000000070c400000, 0x000000070c400000, 0x000000070c500000|  0%| F|  |TAMS 0x000000070c400000, 0x000000070c400000| Untracked 
| 159|0x000000070c500000, 0x000000070c500000, 0x000000070c600000|  0%| F|  |TAMS 0x000000070c500000, 0x000000070c500000| Untracked 
| 160|0x000000070c600000, 0x000000070c600000, 0x000000070c700000|  0%| F|  |TAMS 0x000000070c600000, 0x000000070c600000| Untracked 
| 161|0x000000070c700000, 0x000000070c700000, 0x000000070c800000|  0%| F|  |TAMS 0x000000070c700000, 0x000000070c700000| Untracked 
| 162|0x000000070c800000, 0x000000070c800000, 0x000000070c900000|  0%| F|  |TAMS 0x000000070c800000, 0x000000070c800000| Untracked 
| 163|0x000000070c900000, 0x000000070c900000, 0x000000070ca00000|  0%| F|  |TAMS 0x000000070c900000, 0x000000070c900000| Untracked 
| 164|0x000000070ca00000, 0x000000070ca00000, 0x000000070cb00000|  0%| F|  |TAMS 0x000000070ca00000, 0x000000070ca00000| Untracked 
| 165|0x000000070cb00000, 0x000000070cb00000, 0x000000070cc00000|  0%| F|  |TAMS 0x000000070cb00000, 0x000000070cb00000| Untracked 
| 166|0x000000070cc00000, 0x000000070cc00000, 0x000000070cd00000|  0%| F|  |TAMS 0x000000070cc00000, 0x000000070cc00000| Untracked 
| 167|0x000000070cd00000, 0x000000070cd00000, 0x000000070ce00000|  0%| F|  |TAMS 0x000000070cd00000, 0x000000070cd00000| Untracked 
| 168|0x000000070ce00000, 0x000000070ce00000, 0x000000070cf00000|  0%| F|  |TAMS 0x000000070ce00000, 0x000000070ce00000| Untracked 
| 169|0x000000070cf00000, 0x000000070cf00000, 0x000000070d000000|  0%| F|  |TAMS 0x000000070cf00000, 0x000000070cf00000| Untracked 
| 170|0x000000070d000000, 0x000000070d000000, 0x000000070d100000|  0%| F|  |TAMS 0x000000070d000000, 0x000000070d000000| Untracked 
| 171|0x000000070d100000, 0x000000070d100000, 0x000000070d200000|  0%| F|  |TAMS 0x000000070d100000, 0x000000070d100000| Untracked 
| 172|0x000000070d200000, 0x000000070d200000, 0x000000070d300000|  0%| F|  |TAMS 0x000000070d200000, 0x000000070d200000| Untracked 
| 173|0x000000070d300000, 0x000000070d300000, 0x000000070d400000|  0%| F|  |TAMS 0x000000070d300000, 0x000000070d300000| Untracked 
| 174|0x000000070d400000, 0x000000070d400000, 0x000000070d500000|  0%| F|  |TAMS 0x000000070d400000, 0x000000070d400000| Untracked 
| 175|0x000000070d500000, 0x000000070d500000, 0x000000070d600000|  0%| F|  |TAMS 0x000000070d500000, 0x000000070d500000| Untracked 
| 176|0x000000070d600000, 0x000000070d600000, 0x000000070d700000|  0%| F|  |TAMS 0x000000070d600000, 0x000000070d600000| Untracked 
| 177|0x000000070d700000, 0x000000070d700000, 0x000000070d800000|  0%| F|  |TAMS 0x000000070d700000, 0x000000070d700000| Untracked 
| 178|0x000000070d800000, 0x000000070d800000, 0x000000070d900000|  0%| F|  |TAMS 0x000000070d800000, 0x000000070d800000| Untracked 
| 179|0x000000070d900000, 0x000000070d900000, 0x000000070da00000|  0%| F|  |TAMS 0x000000070d900000, 0x000000070d900000| Untracked 
| 180|0x000000070da00000, 0x000000070da00000, 0x000000070db00000|  0%| F|  |TAMS 0x000000070da00000, 0x000000070da00000| Untracked 
| 181|0x000000070db00000, 0x000000070db00000, 0x000000070dc00000|  0%| F|  |TAMS 0x000000070db00000, 0x000000070db00000| Untracked 
| 182|0x000000070dc00000, 0x000000070dc00000, 0x000000070dd00000|  0%| F|  |TAMS 0x000000070dc00000, 0x000000070dc00000| Untracked 
| 183|0x000000070dd00000, 0x000000070dd00000, 0x000000070de00000|  0%| F|  |TAMS 0x000000070dd00000, 0x000000070dd00000| Untracked 
| 184|0x000000070de00000, 0x000000070de00000, 0x000000070df00000|  0%| F|  |TAMS 0x000000070de00000, 0x000000070de00000| Untracked 
| 185|0x000000070df00000, 0x000000070df00000, 0x000000070e000000|  0%| F|  |TAMS 0x000000070df00000, 0x000000070df00000| Untracked 
| 186|0x000000070e000000, 0x000000070e000000, 0x000000070e100000|  0%| F|  |TAMS 0x000000070e000000, 0x000000070e000000| Untracked 
| 187|0x000000070e100000, 0x000000070e100000, 0x000000070e200000|  0%| F|  |TAMS 0x000000070e100000, 0x000000070e100000| Untracked 
| 188|0x000000070e200000, 0x000000070e200000, 0x000000070e300000|  0%| F|  |TAMS 0x000000070e200000, 0x000000070e200000| Untracked 
| 189|0x000000070e300000, 0x000000070e300000, 0x000000070e400000|  0%| F|  |TAMS 0x000000070e300000, 0x000000070e300000| Untracked 
| 190|0x000000070e400000, 0x000000070e400000, 0x000000070e500000|  0%| F|  |TAMS 0x000000070e400000, 0x000000070e400000| Untracked 
| 191|0x000000070e500000, 0x000000070e500000, 0x000000070e600000|  0%| F|  |TAMS 0x000000070e500000, 0x000000070e500000| Untracked 
| 192|0x000000070e600000, 0x000000070e600000, 0x000000070e700000|  0%| F|  |TAMS 0x000000070e600000, 0x000000070e600000| Untracked 
| 193|0x000000070e700000, 0x000000070e700000, 0x000000070e800000|  0%| F|  |TAMS 0x000000070e700000, 0x000000070e700000| Untracked 
| 194|0x000000070e800000, 0x000000070e800000, 0x000000070e900000|  0%| F|  |TAMS 0x000000070e800000, 0x000000070e800000| Untracked 
| 195|0x000000070e900000, 0x000000070e900000, 0x000000070ea00000|  0%| F|  |TAMS 0x000000070e900000, 0x000000070e900000| Untracked 
| 196|0x000000070ea00000, 0x000000070ea00000, 0x000000070eb00000|  0%| F|  |TAMS 0x000000070ea00000, 0x000000070ea00000| Untracked 
| 197|0x000000070eb00000, 0x000000070eb00000, 0x000000070ec00000|  0%| F|  |TAMS 0x000000070eb00000, 0x000000070eb00000| Untracked 
| 198|0x000000070ec00000, 0x000000070ec00000, 0x000000070ed00000|  0%| F|  |TAMS 0x000000070ec00000, 0x000000070ec00000| Untracked 
| 199|0x000000070ed00000, 0x000000070ed00000, 0x000000070ee00000|  0%| F|  |TAMS 0x000000070ed00000, 0x000000070ed00000| Untracked 
| 200|0x000000070ee00000, 0x000000070ee00000, 0x000000070ef00000|  0%| F|  |TAMS 0x000000070ee00000, 0x000000070ee00000| Untracked 
| 201|0x000000070ef00000, 0x000000070ef00000, 0x000000070f000000|  0%| F|  |TAMS 0x000000070ef00000, 0x000000070ef00000| Untracked 
| 202|0x000000070f000000, 0x000000070f000000, 0x000000070f100000|  0%| F|  |TAMS 0x000000070f000000, 0x000000070f000000| Untracked 
| 203|0x000000070f100000, 0x000000070f100000, 0x000000070f200000|  0%| F|  |TAMS 0x000000070f100000, 0x000000070f100000| Untracked 
| 204|0x000000070f200000, 0x000000070f200000, 0x000000070f300000|  0%| F|  |TAMS 0x000000070f200000, 0x000000070f200000| Untracked 
| 205|0x000000070f300000, 0x000000070f300000, 0x000000070f400000|  0%| F|  |TAMS 0x000000070f300000, 0x000000070f300000| Untracked 
| 206|0x000000070f400000, 0x000000070f400000, 0x000000070f500000|  0%| F|  |TAMS 0x000000070f400000, 0x000000070f400000| Untracked 
| 207|0x000000070f500000, 0x000000070f500000, 0x000000070f600000|  0%| F|  |TAMS 0x000000070f500000, 0x000000070f500000| Untracked 
| 208|0x000000070f600000, 0x000000070f600000, 0x000000070f700000|  0%| F|  |TAMS 0x000000070f600000, 0x000000070f600000| Untracked 
| 209|0x000000070f700000, 0x000000070f700000, 0x000000070f800000|  0%| F|  |TAMS 0x000000070f700000, 0x000000070f700000| Untracked 
| 210|0x000000070f800000, 0x000000070f800000, 0x000000070f900000|  0%| F|  |TAMS 0x000000070f800000, 0x000000070f800000| Untracked 
| 211|0x000000070f900000, 0x000000070f900000, 0x000000070fa00000|  0%| F|  |TAMS 0x000000070f900000, 0x000000070f900000| Untracked 
| 212|0x000000070fa00000, 0x000000070fa00000, 0x000000070fb00000|  0%| F|  |TAMS 0x000000070fa00000, 0x000000070fa00000| Untracked 
| 213|0x000000070fb00000, 0x000000070fb00000, 0x000000070fc00000|  0%| F|  |TAMS 0x000000070fb00000, 0x000000070fb00000| Untracked 
| 214|0x000000070fc00000, 0x000000070fc00000, 0x000000070fd00000|  0%| F|  |TAMS 0x000000070fc00000, 0x000000070fc00000| Untracked 
| 215|0x000000070fd00000, 0x000000070fd00000, 0x000000070fe00000|  0%| F|  |TAMS 0x000000070fd00000, 0x000000070fd00000| Untracked 
| 216|0x000000070fe00000, 0x000000070fe00000, 0x000000070ff00000|  0%| F|  |TAMS 0x000000070fe00000, 0x000000070fe00000| Untracked 
| 217|0x000000070ff00000, 0x000000070ff00000, 0x0000000710000000|  0%| F|  |TAMS 0x000000070ff00000, 0x000000070ff00000| Untracked 
| 218|0x0000000710000000, 0x0000000710000000, 0x0000000710100000|  0%| F|  |TAMS 0x0000000710000000, 0x0000000710000000| Untracked 
| 219|0x0000000710100000, 0x0000000710100000, 0x0000000710200000|  0%| F|  |TAMS 0x0000000710100000, 0x0000000710100000| Untracked 
| 220|0x0000000710200000, 0x0000000710200000, 0x0000000710300000|  0%| F|  |TAMS 0x0000000710200000, 0x0000000710200000| Untracked 
| 221|0x0000000710300000, 0x0000000710300000, 0x0000000710400000|  0%| F|  |TAMS 0x0000000710300000, 0x0000000710300000| Untracked 
| 222|0x0000000710400000, 0x0000000710400000, 0x0000000710500000|  0%| F|  |TAMS 0x0000000710400000, 0x0000000710400000| Untracked 
| 223|0x0000000710500000, 0x0000000710500000, 0x0000000710600000|  0%| F|  |TAMS 0x0000000710500000, 0x0000000710500000| Untracked 
| 224|0x0000000710600000, 0x0000000710600000, 0x0000000710700000|  0%| F|  |TAMS 0x0000000710600000, 0x0000000710600000| Untracked 
| 225|0x0000000710700000, 0x0000000710800000, 0x0000000710800000|100%| E|  |TAMS 0x0000000710700000, 0x0000000710700000| Complete 
| 226|0x0000000710800000, 0x0000000710900000, 0x0000000710900000|100%| E|CS|TAMS 0x0000000710800000, 0x0000000710800000| Complete 
| 227|0x0000000710900000, 0x0000000710a00000, 0x0000000710a00000|100%| E|CS|TAMS 0x0000000710900000, 0x0000000710900000| Complete 
| 228|0x0000000710a00000, 0x0000000710b00000, 0x0000000710b00000|100%| E|CS|TAMS 0x0000000710a00000, 0x0000000710a00000| Complete 
| 229|0x0000000710b00000, 0x0000000710c00000, 0x0000000710c00000|100%| E|CS|TAMS 0x0000000710b00000, 0x0000000710b00000| Complete 
| 230|0x0000000710c00000, 0x0000000710d00000, 0x0000000710d00000|100%| E|CS|TAMS 0x0000000710c00000, 0x0000000710c00000| Complete 
| 231|0x0000000710d00000, 0x0000000710e00000, 0x0000000710e00000|100%| E|CS|TAMS 0x0000000710d00000, 0x0000000710d00000| Complete 
| 232|0x0000000710e00000, 0x0000000710f00000, 0x0000000710f00000|100%| E|CS|TAMS 0x0000000710e00000, 0x0000000710e00000| Complete 
| 233|0x0000000710f00000, 0x0000000711000000, 0x0000000711000000|100%| E|CS|TAMS 0x0000000710f00000, 0x0000000710f00000| Complete 
| 234|0x0000000711000000, 0x0000000711100000, 0x0000000711100000|100%| E|CS|TAMS 0x0000000711000000, 0x0000000711000000| Complete 
| 235|0x0000000711100000, 0x0000000711200000, 0x0000000711200000|100%| E|CS|TAMS 0x0000000711100000, 0x0000000711100000| Complete 
| 236|0x0000000711200000, 0x0000000711300000, 0x0000000711300000|100%| E|CS|TAMS 0x0000000711200000, 0x0000000711200000| Complete 
| 237|0x0000000711300000, 0x0000000711400000, 0x0000000711400000|100%| E|  |TAMS 0x0000000711300000, 0x0000000711300000| Complete 
| 238|0x0000000711400000, 0x0000000711500000, 0x0000000711500000|100%| E|CS|TAMS 0x0000000711400000, 0x0000000711400000| Complete 
| 239|0x0000000711500000, 0x0000000711600000, 0x0000000711600000|100%| E|CS|TAMS 0x0000000711500000, 0x0000000711500000| Complete 
| 240|0x0000000711600000, 0x0000000711700000, 0x0000000711700000|100%| E|CS|TAMS 0x0000000711600000, 0x0000000711600000| Complete 
| 241|0x0000000711700000, 0x0000000711800000, 0x0000000711800000|100%| E|CS|TAMS 0x0000000711700000, 0x0000000711700000| Complete 
| 242|0x0000000711800000, 0x0000000711900000, 0x0000000711900000|100%| E|CS|TAMS 0x0000000711800000, 0x0000000711800000| Complete 
| 243|0x0000000711900000, 0x0000000711a00000, 0x0000000711a00000|100%| E|CS|TAMS 0x0000000711900000, 0x0000000711900000| Complete 
| 244|0x0000000711a00000, 0x0000000711b00000, 0x0000000711b00000|100%| E|CS|TAMS 0x0000000711a00000, 0x0000000711a00000| Complete 
| 245|0x0000000711b00000, 0x0000000711c00000, 0x0000000711c00000|100%| E|CS|TAMS 0x0000000711b00000, 0x0000000711b00000| Complete 
| 246|0x0000000711c00000, 0x0000000711d00000, 0x0000000711d00000|100%| E|CS|TAMS 0x0000000711c00000, 0x0000000711c00000| Complete 
| 247|0x0000000711d00000, 0x0000000711e00000, 0x0000000711e00000|100%| E|CS|TAMS 0x0000000711d00000, 0x0000000711d00000| Complete 
| 248|0x0000000711e00000, 0x0000000711f00000, 0x0000000711f00000|100%| E|CS|TAMS 0x0000000711e00000, 0x0000000711e00000| Complete 
| 249|0x0000000711f00000, 0x0000000712000000, 0x0000000712000000|100%| E|CS|TAMS 0x0000000711f00000, 0x0000000711f00000| Complete 
| 250|0x0000000712000000, 0x0000000712100000, 0x0000000712100000|100%| E|CS|TAMS 0x0000000712000000, 0x0000000712000000| Complete 
| 251|0x0000000712100000, 0x0000000712200000, 0x0000000712200000|100%| E|CS|TAMS 0x0000000712100000, 0x0000000712100000| Complete 
| 252|0x0000000712200000, 0x0000000712300000, 0x0000000712300000|100%| E|CS|TAMS 0x0000000712200000, 0x0000000712200000| Complete 
| 253|0x0000000712300000, 0x0000000712400000, 0x0000000712400000|100%| E|CS|TAMS 0x0000000712300000, 0x0000000712300000| Complete 

Card table byte_map: [0x000001b5c1e30000,0x000001b5c2620000] _byte_map_base: 0x000001b5be61d000

Marking Bits (Prev, Next): (CMBitMap*) 0x000001b5a9c985e0, (CMBitMap*) 0x000001b5a9c985a8
 Prev Bits: [0x000001b5c6d80000, 0x000001b5cace8000)
 Next Bits: [0x000001b5c2e10000, 0x000001b5c6d78000)

Polling page: 0x000001b5a7c00000

Metaspace:

Usage:
  Non-class:     54.33 MB capacity,    53.45 MB ( 98%) used,   698.03 KB (  1%) free+waste,   205.75 KB ( <1%) overhead. 
      Class:      8.86 MB capacity,     8.22 MB ( 93%) used,   556.46 KB (  6%) free+waste,   100.38 KB (  1%) overhead. 
       Both:     63.19 MB capacity,    61.67 MB ( 98%) used,     1.23 MB (  2%) free+waste,   306.13 KB ( <1%) overhead. 

Virtual space:
  Non-class space:       56.00 MB reserved,      54.50 MB ( 97%) committed 
      Class space:        1.00 GB reserved,       8.88 MB ( <1%) committed 
             Both:        1.05 GB reserved,      63.38 MB (  6%) committed 

Chunk freelists:
   Non-Class:  5.50 KB
       Class:  0 bytes
        Both:  5.50 KB

CodeHeap 'non-profiled nmethods': size=120000Kb used=2797Kb max_used=2797Kb free=117202Kb
 bounds [0x000001b5b9bc0000, 0x000001b5b9e80000, 0x000001b5c10f0000]
CodeHeap 'profiled nmethods': size=120000Kb used=10432Kb max_used=10432Kb free=109567Kb
 bounds [0x000001b5b2690000, 0x000001b5b30d0000, 0x000001b5b9bc0000]
CodeHeap 'non-nmethods': size=5760Kb used=1498Kb max_used=1553Kb free=4261Kb
 bounds [0x000001b5b20f0000, 0x000001b5b2360000, 0x000001b5b2690000]
 total_blobs=6306 nmethods=5316 adapters=900
 compilation: enabled
              stopped_count=0, restarted_count=0
 full_count=0

Compilation events (10 events):
Event: 19.754 Thread 0x000001b5ce347800 nmethod 5318 0x000001b5b30be690 code [0x000001b5b30be860, 0x000001b5b30beaf8]
Event: 19.899 Thread 0x000001b5ce347800 5319       3       javafx.animation.Animation::getStatus (24 bytes)
Event: 19.900 Thread 0x000001b5ce347800 nmethod 5319 0x000001b5b30bec10 code [0x000001b5b30bedc0, 0x000001b5b30bf0e8]
Event: 25.087 Thread 0x000001b5ce347800 5320       3       com.sun.glass.ui.Application::invokeLater (13 bytes)
Event: 25.088 Thread 0x000001b5ce347800 nmethod 5320 0x000001b5b30bf210 code [0x000001b5b30bf3c0, 0x000001b5b30bf628]
Event: 25.127 Thread 0x000001b5ce347800 5321       3       javafx.scene.Node$1::intersects (7 bytes)
Event: 25.127 Thread 0x000001b5ce347800 nmethod 5321 0x000001b5b30bf710 code [0x000001b5b30bf8c0, 0x000001b5b30bfa08]
Event: 25.448 Thread 0x000001b5ce347800 5322       3       java.util.logging.LogManager::checkPermission (16 bytes)
Event: 25.448 Thread 0x000001b5ce347800 nmethod 5322 0x000001b5b30bfb10 code [0x000001b5b30bfce0, 0x000001b5b30bffa8]
Event: 25.449 Thread 0x000001b5ce347800 5323   !   3       java.util.logging.LogManager$LoggerContext::findLogger (113 bytes)

GC Heap History (10 events):
Event: 0.434 GC heap before
{Heap before GC invocations=0 (full 0):
 garbage-first heap   total 260096K, used 23552K [0x0000000702600000, 0x0000000800000000)
  region size 1024K, 24 young (24576K), 0 survivors (0K)
 Metaspace       used 11471K, capacity 11869K, committed 11904K, reserved 1060864K
  class space    used 1250K, capacity 1393K, committed 1408K, reserved 1048576K
}
Event: 0.436 GC heap after
{Heap after GC invocations=1 (full 0):
 garbage-first heap   total 260096K, used 4291K [0x0000000702600000, 0x0000000800000000)
  region size 1024K, 3 young (3072K), 3 survivors (3072K)
 Metaspace       used 11471K, capacity 11869K, committed 11904K, reserved 1060864K
  class space    used 1250K, capacity 1393K, committed 1408K, reserved 1048576K
}
Event: 1.061 GC heap before
{Heap before GC invocations=1 (full 0):
 garbage-first heap   total 260096K, used 33987K [0x0000000702600000, 0x0000000800000000)
  region size 1024K, 31 young (31744K), 3 survivors (3072K)
 Metaspace       used 20515K, capacity 21148K, committed 21248K, reserved 1067008K
  class space    used 2490K, capacity 2750K, committed 2816K, reserved 1048576K
}
Event: 1.065 GC heap after
{Heap after GC invocations=2 (full 0):
 garbage-first heap   total 260096K, used 10829K [0x0000000702600000, 0x0000000800000000)
  region size 1024K, 8 young (8192K), 8 survivors (8192K)
 Metaspace       used 20515K, capacity 21148K, committed 21248K, reserved 1067008K
  class space    used 2490K, capacity 2750K, committed 2816K, reserved 1048576K
}
Event: 11.723 GC heap before
{Heap before GC invocations=3 (full 0):
 garbage-first heap   total 260096K, used 46669K [0x0000000702600000, 0x0000000800000000)
  region size 1024K, 41 young (41984K), 8 survivors (8192K)
 Metaspace       used 31487K, capacity 32443K, committed 32640K, reserved 1077248K
  class space    used 4021K, capacity 4423K, committed 4480K, reserved 1048576K
}
Event: 11.728 GC heap after
{Heap after GC invocations=4 (full 0):
 garbage-first heap   total 260096K, used 15698K [0x0000000702600000, 0x0000000800000000)
  region size 1024K, 3 young (3072K), 3 survivors (3072K)
 Metaspace       used 31487K, capacity 32443K, committed 32640K, reserved 1077248K
  class space    used 4021K, capacity 4423K, committed 4480K, reserved 1048576K
}
Event: 11.922 GC heap before
{Heap before GC invocations=4 (full 0):
 garbage-first heap   total 260096K, used 29010K [0x0000000702600000, 0x0000000800000000)
  region size 1024K, 17 young (17408K), 3 survivors (3072K)
 Metaspace       used 34672K, capacity 35717K, committed 35840K, reserved 1081344K
  class space    used 4445K, capacity 4901K, committed 4992K, reserved 1048576K
}
Event: 11.924 GC heap after
{Heap after GC invocations=5 (full 0):
 garbage-first heap   total 260096K, used 16112K [0x0000000702600000, 0x0000000800000000)
  region size 1024K, 3 young (3072K), 3 survivors (3072K)
 Metaspace       used 34672K, capacity 35717K, committed 35840K, reserved 1081344K
  class space    used 4445K, capacity 4901K, committed 4992K, reserved 1048576K
}
Event: 13.186 GC heap before
{Heap before GC invocations=6 (full 0):
 garbage-first heap   total 260096K, used 113392K [0x0000000702600000, 0x0000000800000000)
  region size 1024K, 99 young (101376K), 3 survivors (3072K)
 Metaspace       used 58653K, capacity 60012K, committed 60160K, reserved 1101824K
  class space    used 7761K, capacity 8342K, committed 8448K, reserved 1048576K
}
Event: 13.193 GC heap after
{Heap after GC invocations=7 (full 0):
 garbage-first heap   total 260096K, used 22591K [0x0000000702600000, 0x0000000800000000)
  region size 1024K, 10 young (10240K), 10 survivors (10240K)
 Metaspace       used 58653K, capacity 60012K, committed 60160K, reserved 1101824K
  class space    used 7761K, capacity 8342K, committed 8448K, reserved 1048576K
}

Deoptimization events (10 events):
Event: 13.405 Thread 0x000001b5cf3b6000 Uncommon trap: reason=unstable_if action=reinterpret pc=0x000001b5b9d1da00 method=java.util.regex.Matcher.reset()Ljava/util/regex/Matcher; @ 71 c2
Event: 13.409 Thread 0x000001b5cf3b6000 Uncommon trap: reason=unstable_if action=reinterpret pc=0x000001b5b9d71018 method=java.net.URLStreamHandler.parseURL(Ljava/net/URL;Ljava/lang/String;II)V @ 989 c2
Event: 13.415 Thread 0x000001b5cf3b6000 Uncommon trap: reason=unstable_if action=reinterpret pc=0x000001b5b9c36678 method=com.sun.javafx.image.impl.BaseByteToByteConverter$FourByteReorderer.doConvert([BII[BIIII)V @ 31 c2
Event: 14.644 Thread 0x000001b5cf3b6000 Uncommon trap: reason=unstable_if action=reinterpret pc=0x000001b5b9d7bccc method=java.util.WeakHashMap.put(Ljava/lang/Object;Ljava/lang/Object;)Ljava/lang/Object; @ 148 c2
Event: 14.653 Thread 0x000001b5cf3b6000 Uncommon trap: reason=unstable_if action=reinterpret pc=0x000001b5b9d3faa0 method=java.lang.CharacterDataLatin1.isWhitespace(I)Z @ 14 c2
Event: 16.800 Thread 0x000001b5cf3b6000 Uncommon trap: reason=unstable_if action=reinterpret pc=0x000001b5b9e3cc14 method=com.sun.javafx.event.EventHandlerManager.dispatchCapturingEvent(Ljavafx/event/EventType;Ljavafx/event/Event;)Ljavafx/event/Event; @ 22 c2
Event: 16.800 Thread 0x000001b5cf3b6000 Uncommon trap: reason=class_check action=maybe_recompile pc=0x000001b5b9e6960c method=javafx.scene.Node.updateLocalToParentTransform()V @ 11 c2
Event: 16.826 Thread 0x000001b5cf3b6000 Uncommon trap: reason=class_check action=maybe_recompile pc=0x000001b5b9e6960c method=javafx.scene.Node.updateLocalToParentTransform()V @ 11 c2
Event: 16.826 Thread 0x000001b5cf3b6000 Uncommon trap: reason=class_check action=maybe_recompile pc=0x000001b5b9e6960c method=javafx.scene.Node.updateLocalToParentTransform()V @ 11 c2
Event: 16.843 Thread 0x000001b5cf3b6000 Uncommon trap: reason=class_check action=maybe_recompile pc=0x000001b5b9e6960c method=javafx.scene.Node.updateLocalToParentTransform()V @ 11 c2

Classes redefined (0 events):
No events

Internal exceptions (10 events):
Event: 13.389 Thread 0x000001b5cf3b6000 Exception <a 'java/io/FileNotFoundException'{0x0000000711360088}> (0x0000000711360088) thrown at [./open/src/hotspot/share/prims/jni.cpp, line 611]
Event: 13.389 Thread 0x000001b5cf3b6000 Exception <a 'java/io/FileNotFoundException'{0x0000000711365520}> (0x0000000711365520) thrown at [./open/src/hotspot/share/prims/jni.cpp, line 611]
Event: 13.389 Thread 0x000001b5cf3b6000 Exception <a 'java/io/FileNotFoundException'{0x0000000711367e08}> (0x0000000711367e08) thrown at [./open/src/hotspot/share/prims/jni.cpp, line 611]
Event: 13.394 Thread 0x000001b5cf3b6000 Exception <a 'java/io/FileNotFoundException'{0x0000000711266a68}> (0x0000000711266a68) thrown at [./open/src/hotspot/share/prims/jni.cpp, line 611]
Event: 13.394 Thread 0x000001b5cf3b6000 Exception <a 'java/io/FileNotFoundException'{0x000000071126a6e8}> (0x000000071126a6e8) thrown at [./open/src/hotspot/share/prims/jni.cpp, line 611]
Event: 13.394 Thread 0x000001b5cf3b6000 Exception <a 'java/io/FileNotFoundException'{0x000000071126d0d0}> (0x000000071126d0d0) thrown at [./open/src/hotspot/share/prims/jni.cpp, line 611]
Event: 13.458 Thread 0x000001b5cf3b6000 Exception <a 'java/io/FileNotFoundException'{0x00000007111a6a10}> (0x00000007111a6a10) thrown at [./open/src/hotspot/share/prims/jni.cpp, line 611]
Event: 14.722 Thread 0x000001b5cf2f7000 Exception <a 'java/lang/NoSuchMethodError'{0x0000000710a506b8}: java.lang.invoke.DirectMethodHandle$Holder.invokeStaticInit(Ljava/lang/Object;I)Ljava/lang/Object;> (0x0000000710a506b8) thrown at [./open/src/hotspot/share/interpreter/linkResolver.cpp, line
Event: 16.797 Thread 0x000001b5cf3b6000 Exception <a 'java/lang/NoSuchMethodError'{0x00000007109057c0}: java.lang.invoke.DirectMethodHandle$Holder.invokeStatic(Ljava/lang/Object;Ljava/lang/Object;Ljava/lang/Object;DDDDIIIIIIIII)Ljava/lang/Object;> (0x00000007109057c0) thrown at [./open/src/hots
Event: 25.448 Thread 0x000001b5d8844000 Exception <a 'java/lang/IllegalStateException'{0x0000000710785a08}> (0x0000000710785a08) thrown at [./open/src/hotspot/share/prims/jvm.cpp, line 1309]

Events (10 events):
Event: 25.448 Executing VM operation: RevokeBias
Event: 25.448 Executing VM operation: RevokeBias done
Event: 25.448 loading class com/sun/javafx/tk/quantum/QuantumToolkit
Event: 25.448 loading class com/sun/javafx/tk/quantum/QuantumToolkit done
Event: 25.448 Executing VM operation: RevokeBias
Event: 25.448 Executing VM operation: RevokeBias done
Event: 25.448 Thread 0x000001b5d8844000 Thread exited: 0x000001b5d8844000
Event: 25.448 Thread 0x000001b5d8842800 Thread exited: 0x000001b5d8842800
Event: 25.449 Thread 0x000001b5d8848000 Thread exited: 0x000001b5d8848000
Event: 25.449 Executing VM operation: Exit


Dynamic libraries:
0x00007ff79d5e0000 - 0x00007ff79d5ef000 	C:\Program Files\Java\jdk-11.0.12\bin\java.exe
0x00007ffcd8110000 - 0x00007ffcd8308000 	C:\windows\SYSTEM32\ntdll.dll
0x00007ffcafb50000 - 0x00007ffcafb69000 	C:\Program Files\AVG\Antivirus\aswhook.dll
0x00007ffcd7fe0000 - 0x00007ffcd809f000 	C:\windows\System32\KERNEL32.DLL
0x00007ffcd57f0000 - 0x00007ffcd5ae6000 	C:\windows\System32\KERNELBASE.dll
0x00007ffcd5af0000 - 0x00007ffcd5bf0000 	C:\windows\System32\ucrtbase.dll
0x00007ffcb5d30000 - 0x00007ffcb5d48000 	C:\Program Files\Java\jdk-11.0.12\bin\jli.dll
0x00007ffcd7ec0000 - 0x00007ffcd7f6f000 	C:\windows\System32\ADVAPI32.dll
0x00007ffcc0b30000 - 0x00007ffcc0b45000 	C:\Program Files\Java\jdk-11.0.12\bin\VCRUNTIME140.dll
0x00007ffcd6790000 - 0x00007ffcd682e000 	C:\windows\System32\msvcrt.dll
0x00007ffcd70f0000 - 0x00007ffcd718c000 	C:\windows\System32\sechost.dll
0x00007ffcd6840000 - 0x00007ffcd6966000 	C:\windows\System32\RPCRT4.dll
0x00007ffcd6f50000 - 0x00007ffcd70ed000 	C:\windows\System32\USER32.dll
0x00007ffcd6140000 - 0x00007ffcd6162000 	C:\windows\System32\win32u.dll
0x00007ffcd72b0000 - 0x00007ffcd72dc000 	C:\windows\System32\GDI32.dll
0x00007ffcc14a0000 - 0x00007ffcc173a000 	C:\windows\WinSxS\amd64_microsoft.windows.common-controls_6595b64144ccf1df_6.0.19041.1110_none_60b5254171f9507e\COMCTL32.dll
0x00007ffcd5d20000 - 0x00007ffcd5e35000 	C:\windows\System32\gdi32full.dll
0x00007ffcd5bf0000 - 0x00007ffcd5c8d000 	C:\windows\System32\msvcp_win.dll
0x00007ffccf730000 - 0x00007ffccf73a000 	C:\windows\SYSTEM32\VERSION.dll
0x00007ffcd80a0000 - 0x00007ffcd80d0000 	C:\windows\System32\IMM32.DLL
0x00007ffc5df00000 - 0x00007ffc5df9b000 	C:\Program Files\Java\jdk-11.0.12\bin\msvcp140.dll
0x00007ffc1f060000 - 0x00007ffc1fb5f000 	C:\Program Files\Java\jdk-11.0.12\bin\server\jvm.dll
0x00007ffcd7f70000 - 0x00007ffcd7f78000 	C:\windows\System32\PSAPI.DLL
0x00007ffcbe950000 - 0x00007ffcbe959000 	C:\windows\SYSTEM32\WSOCK32.dll
0x00007ffcae580000 - 0x00007ffcae5a7000 	C:\windows\SYSTEM32\WINMM.dll
0x00007ffcd7340000 - 0x00007ffcd73ab000 	C:\windows\System32\WS2_32.dll
0x00007ffcd36d0000 - 0x00007ffcd36e2000 	C:\windows\SYSTEM32\kernel.appcore.dll
0x00007ffccfff0000 - 0x00007ffcd0000000 	C:\Program Files\Java\jdk-11.0.12\bin\verify.dll
0x00007ffcc1040000 - 0x00007ffcc1224000 	C:\windows\SYSTEM32\DBGHELP.DLL
0x00007ffcc1000000 - 0x00007ffcc1034000 	C:\windows\SYSTEM32\dbgcore.DLL
0x00007ffcd5c90000 - 0x00007ffcd5d12000 	C:\windows\System32\bcryptPrimitives.dll
0x00007ffc856d0000 - 0x00007ffc856f8000 	C:\Program Files\Java\jdk-11.0.12\bin\java.dll
0x00007ffcc0b20000 - 0x00007ffcc0b2a000 	C:\Program Files\Java\jdk-11.0.12\bin\jimage.dll
0x00007ffcbd1c0000 - 0x00007ffcbd1d6000 	C:\Program Files\Java\jdk-11.0.12\bin\zip.dll
0x00007ffcd75c0000 - 0x00007ffcd7d04000 	C:\windows\System32\SHELL32.dll
0x00007ffcd38d0000 - 0x00007ffcd4063000 	C:\windows\SYSTEM32\windows.storage.dll
0x00007ffcd6ab0000 - 0x00007ffcd6e04000 	C:\windows\System32\combase.dll
0x00007ffcd5250000 - 0x00007ffcd527e000 	C:\windows\SYSTEM32\Wldp.dll
0x00007ffcd6ea0000 - 0x00007ffcd6f4d000 	C:\windows\System32\SHCORE.dll
0x00007ffcd7f80000 - 0x00007ffcd7fd5000 	C:\windows\System32\shlwapi.dll
0x00007ffcd5730000 - 0x00007ffcd574f000 	C:\windows\SYSTEM32\profapi.dll
0x00007ffcbcc70000 - 0x00007ffcbcc89000 	C:\Program Files\Java\jdk-11.0.12\bin\net.dll
0x00007ffcce270000 - 0x00007ffcce37a000 	C:\windows\SYSTEM32\WINHTTP.dll
0x00007ffcd4fb0000 - 0x00007ffcd501a000 	C:\windows\system32\mswsock.dll
0x00007ffcbc3d0000 - 0x00007ffcbc3e2000 	C:\Program Files\Java\jdk-11.0.12\bin\nio.dll
0x000001b5a7c40000 - 0x000001b5a7c43000 	C:\Informatica\Libs\libs\javafx-sdk-17.0.6\bin\api-ms-win-core-console-l1-1-0.dll
0x000001b5a7c50000 - 0x000001b5a7c53000 	C:\Informatica\Libs\libs\javafx-sdk-17.0.6\bin\api-ms-win-core-console-l1-2-0.dll
0x000001b5a9b40000 - 0x000001b5a9b43000 	C:\Informatica\Libs\libs\javafx-sdk-17.0.6\bin\api-ms-win-core-datetime-l1-1-0.dll
0x000001b5a9b50000 - 0x000001b5a9b53000 	C:\Informatica\Libs\libs\javafx-sdk-17.0.6\bin\api-ms-win-core-debug-l1-1-0.dll
0x000001b5a9b60000 - 0x000001b5a9b63000 	C:\Informatica\Libs\libs\javafx-sdk-17.0.6\bin\api-ms-win-core-errorhandling-l1-1-0.dll
0x000001b5a9b70000 - 0x000001b5a9b74000 	C:\Informatica\Libs\libs\javafx-sdk-17.0.6\bin\api-ms-win-core-file-l1-1-0.dll
0x000001b5a9b80000 - 0x000001b5a9b83000 	C:\Informatica\Libs\libs\javafx-sdk-17.0.6\bin\api-ms-win-core-file-l1-2-0.dll
0x000001b5a9b90000 - 0x000001b5a9b93000 	C:\Informatica\Libs\libs\javafx-sdk-17.0.6\bin\api-ms-win-core-file-l2-1-0.dll
0x000001b5a9ba0000 - 0x000001b5a9ba3000 	C:\Informatica\Libs\libs\javafx-sdk-17.0.6\bin\api-ms-win-core-handle-l1-1-0.dll
0x000001b5a9bb0000 - 0x000001b5a9bb3000 	C:\Informatica\Libs\libs\javafx-sdk-17.0.6\bin\api-ms-win-core-heap-l1-1-0.dll
0x000001b5a9bc0000 - 0x000001b5a9bc3000 	C:\Informatica\Libs\libs\javafx-sdk-17.0.6\bin\api-ms-win-core-interlocked-l1-1-0.dll
0x000001b5a9bd0000 - 0x000001b5a9bd3000 	C:\Informatica\Libs\libs\javafx-sdk-17.0.6\bin\api-ms-win-core-libraryloader-l1-1-0.dll
0x000001b5a9be0000 - 0x000001b5a9be3000 	C:\Informatica\Libs\libs\javafx-sdk-17.0.6\bin\api-ms-win-core-localization-l1-2-0.dll
0x000001b5a9bf0000 - 0x000001b5a9bf3000 	C:\Informatica\Libs\libs\javafx-sdk-17.0.6\bin\api-ms-win-core-memory-l1-1-0.dll
0x000001b5a9c00000 - 0x000001b5a9c03000 	C:\Informatica\Libs\libs\javafx-sdk-17.0.6\bin\api-ms-win-core-namedpipe-l1-1-0.dll
0x000001b5cff90000 - 0x000001b5cff93000 	C:\Informatica\Libs\libs\javafx-sdk-17.0.6\bin\api-ms-win-core-processenvironment-l1-1-0.dll
0x000001b5cffa0000 - 0x000001b5cffa3000 	C:\Informatica\Libs\libs\javafx-sdk-17.0.6\bin\api-ms-win-core-processthreads-l1-1-0.dll
0x000001b5cffb0000 - 0x000001b5cffb3000 	C:\Informatica\Libs\libs\javafx-sdk-17.0.6\bin\api-ms-win-core-processthreads-l1-1-1.dll
0x000001b5cffc0000 - 0x000001b5cffc3000 	C:\Informatica\Libs\libs\javafx-sdk-17.0.6\bin\api-ms-win-core-profile-l1-1-0.dll
0x000001b5cffd0000 - 0x000001b5cffd3000 	C:\Informatica\Libs\libs\javafx-sdk-17.0.6\bin\api-ms-win-core-rtlsupport-l1-1-0.dll
0x000001b5cffe0000 - 0x000001b5cffe3000 	C:\Informatica\Libs\libs\javafx-sdk-17.0.6\bin\api-ms-win-core-string-l1-1-0.dll
0x000001b5cfff0000 - 0x000001b5cfff3000 	C:\Informatica\Libs\libs\javafx-sdk-17.0.6\bin\api-ms-win-core-synch-l1-1-0.dll
0x000001b5d0000000 - 0x000001b5d0003000 	C:\Informatica\Libs\libs\javafx-sdk-17.0.6\bin\api-ms-win-core-synch-l1-2-0.dll
0x000001b5d0010000 - 0x000001b5d0013000 	C:\Informatica\Libs\libs\javafx-sdk-17.0.6\bin\api-ms-win-core-sysinfo-l1-1-0.dll
0x000001b5d0020000 - 0x000001b5d0023000 	C:\Informatica\Libs\libs\javafx-sdk-17.0.6\bin\api-ms-win-core-timezone-l1-1-0.dll
0x000001b5d0030000 - 0x000001b5d0033000 	C:\Informatica\Libs\libs\javafx-sdk-17.0.6\bin\api-ms-win-core-util-l1-1-0.dll
0x000001b5d0040000 - 0x000001b5d0043000 	C:\Informatica\Libs\libs\javafx-sdk-17.0.6\bin\api-ms-win-crt-conio-l1-1-0.dll
0x000001b5d0050000 - 0x000001b5d0054000 	C:\Informatica\Libs\libs\javafx-sdk-17.0.6\bin\api-ms-win-crt-convert-l1-1-0.dll
0x000001b5d0060000 - 0x000001b5d0063000 	C:\Informatica\Libs\libs\javafx-sdk-17.0.6\bin\api-ms-win-crt-environment-l1-1-0.dll
0x000001b5d0070000 - 0x000001b5d0073000 	C:\Informatica\Libs\libs\javafx-sdk-17.0.6\bin\api-ms-win-crt-filesystem-l1-1-0.dll
0x000001b5d0400000 - 0x000001b5d0403000 	C:\Informatica\Libs\libs\javafx-sdk-17.0.6\bin\api-ms-win-crt-heap-l1-1-0.dll
0x000001b5d0410000 - 0x000001b5d0413000 	C:\Informatica\Libs\libs\javafx-sdk-17.0.6\bin\api-ms-win-crt-locale-l1-1-0.dll
0x000001b5d0420000 - 0x000001b5d0425000 	C:\Informatica\Libs\libs\javafx-sdk-17.0.6\bin\api-ms-win-crt-math-l1-1-0.dll
0x000001b5d0430000 - 0x000001b5d0435000 	C:\Informatica\Libs\libs\javafx-sdk-17.0.6\bin\api-ms-win-crt-multibyte-l1-1-0.dll
0x000001b5d0440000 - 0x000001b5d0450000 	C:\Informatica\Libs\libs\javafx-sdk-17.0.6\bin\api-ms-win-crt-private-l1-1-0.dll
0x000001b5d0450000 - 0x000001b5d0453000 	C:\Informatica\Libs\libs\javafx-sdk-17.0.6\bin\api-ms-win-crt-process-l1-1-0.dll
0x000001b5d0460000 - 0x000001b5d0464000 	C:\Informatica\Libs\libs\javafx-sdk-17.0.6\bin\api-ms-win-crt-runtime-l1-1-0.dll
0x000001b5d0470000 - 0x000001b5d0474000 	C:\Informatica\Libs\libs\javafx-sdk-17.0.6\bin\api-ms-win-crt-stdio-l1-1-0.dll
0x000001b5d0480000 - 0x000001b5d0484000 	C:\Informatica\Libs\libs\javafx-sdk-17.0.6\bin\api-ms-win-crt-string-l1-1-0.dll
0x000001b5d0490000 - 0x000001b5d0493000 	C:\Informatica\Libs\libs\javafx-sdk-17.0.6\bin\api-ms-win-crt-time-l1-1-0.dll
0x000001b5d0080000 - 0x000001b5d0083000 	C:\Informatica\Libs\libs\javafx-sdk-17.0.6\bin\api-ms-win-crt-utility-l1-1-0.dll
0x00007ffc52660000 - 0x00007ffc5275c000 	C:\Informatica\Libs\libs\javafx-sdk-17.0.6\bin\ucrtbase.dll
0x00007ffcb2de0000 - 0x00007ffcb2dfa000 	C:\Informatica\Libs\libs\javafx-sdk-17.0.6\bin\vcruntime140.dll
0x00007ffcb2230000 - 0x00007ffcb223c000 	C:\Informatica\Libs\libs\javafx-sdk-17.0.6\bin\vcruntime140_1.dll
0x00007ffca00c0000 - 0x00007ffca014d000 	C:\Informatica\Libs\libs\javafx-sdk-17.0.6\bin\msvcp140.dll
0x00007ffcb2220000 - 0x00007ffcb2229000 	C:\Informatica\Libs\libs\javafx-sdk-17.0.6\bin\msvcp140_1.dll
0x00007ffca08a0000 - 0x00007ffca08cf000 	C:\Informatica\Libs\libs\javafx-sdk-17.0.6\bin\msvcp140_2.dll
0x00007ffca0090000 - 0x00007ffca00ba000 	C:\Informatica\Libs\libs\javafx-sdk-17.0.6\bin\prism_d3d.dll
0x00007ffc79c20000 - 0x00007ffc79ded000 	C:\windows\system32\d3d9.dll
0x00007ffcd33e0000 - 0x00007ffcd340f000 	C:\windows\SYSTEM32\dwmapi.dll
0x00007ffcd3200000 - 0x00007ffcd329e000 	C:\windows\system32\uxtheme.dll
0x00007ffcd73b0000 - 0x00007ffcd74da000 	C:\windows\System32\ole32.dll
0x00007ffcd6250000 - 0x00007ffcd631d000 	C:\windows\System32\OLEAUT32.dll
0x00007ffcd6040000 - 0x00007ffcd608e000 	C:\windows\System32\cfgmgr32.dll
0x00007ffcd6010000 - 0x00007ffcd6037000 	C:\windows\System32\bcrypt.dll
0x00007ffc9ff90000 - 0x00007ffc9ffd2000 	C:\Informatica\Libs\libs\javafx-sdk-17.0.6\bin\glass.dll
0x00007ffcd6170000 - 0x00007ffcd624a000 	C:\windows\System32\COMDLG32.dll
0x00007ffcd7190000 - 0x00007ffcd72a4000 	C:\windows\System32\MSCTF.dll
0x00007ffcccd10000 - 0x00007ffcccd4b000 	C:\windows\SYSTEM32\dxcore.dll
0x00007ffca9980000 - 0x00007ffca9994000 	C:\Informatica\Libs\libs\javafx-sdk-17.0.6\bin\javafx_font.dll
0x00007ffcbe350000 - 0x00007ffcbe5cf000 	C:\windows\SYSTEM32\dwrite.dll
0x00007ffcd51a0000 - 0x00007ffcd51b8000 	C:\windows\SYSTEM32\CRYPTSP.dll
0x00007ffcd47f0000 - 0x00007ffcd4824000 	C:\windows\system32\rsaenh.dll
0x00007ffcd56f0000 - 0x00007ffcd571e000 	C:\windows\SYSTEM32\USERENV.dll
0x00007ffcd51c0000 - 0x00007ffcd51cc000 	C:\windows\SYSTEM32\CRYPTBASE.dll
0x00007ffcd4c50000 - 0x00007ffcd4c8c000 	C:\windows\SYSTEM32\IPHLPAPI.DLL
0x00007ffcd6aa0000 - 0x00007ffcd6aa8000 	C:\windows\System32\NSI.dll
0x00007ffcceb90000 - 0x00007ffcceba7000 	C:\windows\SYSTEM32\dhcpcsvc6.DLL
0x00007ffccee80000 - 0x00007ffccee9d000 	C:\windows\SYSTEM32\dhcpcsvc.DLL
0x00007ffcd4c90000 - 0x00007ffcd4d5b000 	C:\windows\SYSTEM32\DNSAPI.dll
0x00007ffcd6970000 - 0x00007ffcd6a19000 	C:\windows\System32\clbcatq.dll
0x00007ffccef30000 - 0x00007ffccf0e4000 	C:\windows\SYSTEM32\WindowsCodecs.dll
0x00007ffc96070000 - 0x00007ffc960ae000 	C:\windows\system32\dataexchange.dll
0x00007ffcd2430000 - 0x00007ffcd2613000 	C:\windows\system32\dcomp.dll
0x00007ffcd14f0000 - 0x00007ffcd1753000 	C:\windows\system32\d3d11.dll
0x00007ffcd40b0000 - 0x00007ffcd41a3000 	C:\windows\system32\dxgi.dll
0x00007ffccf1e0000 - 0x00007ffccf3e0000 	C:\windows\system32\twinapi.appcore.dll
0x00007ffc914b0000 - 0x00007ffc914e4000 	C:\Program Files\Common Files\Microsoft Shared\Ink\rtscom.dll
0x00007ffcc0200000 - 0x00007ffcc02fa000 	C:\windows\SYSTEM32\textinputframework.dll
0x00007ffcd2d00000 - 0x00007ffcd2df2000 	C:\windows\System32\CoreMessaging.dll
0x00007ffcd29a0000 - 0x00007ffcd2cfe000 	C:\windows\System32\CoreUIComponents.dll
0x00007ffcd4980000 - 0x00007ffcd49b3000 	C:\windows\SYSTEM32\ntmarta.dll
0x00007ffcd1d10000 - 0x00007ffcd1e64000 	C:\windows\SYSTEM32\wintypes.dll

dbghelp: loaded successfully - version: 4.0.5 - missing functions: none
symbol engine: initialized successfully - sym options: 0x614 - pdb path: .;C:\Program Files\Java\jdk-11.0.12\bin;C:\windows\SYSTEM32;C:\Program Files\AVG\Antivirus;C:\windows\WinSxS\amd64_microsoft.windows.common-controls_6595b64144ccf1df_6.0.19041.1110_none_60b5254171f9507e;C:\Program Files\Java\jdk-11.0.12\bin\server;C:\Informatica\Libs\libs\javafx-sdk-17.0.6\bin;C:\windows\System32\DriverStore\FileRepository\iigd_dch.inf_amd64_6cad38383965216e;C:\Program Files\Common Files\Microsoft Shared\Ink

VM Arguments:
jvm_args: --module-path=C:\Informatica\Libs\libs\javafx-sdk-17.0.6\lib --add-modules=javafx.controls,javafx.fxml,javafx.base,javafx.web --add-exports=javafx.graphics/com.sun.javafx.sg.prism=ALL-UNNAMED 
java_command: com.ric.academix.App
java_class_path (initial): C:\Proyectos netbeans\academix-main\target\classes;C:\Users\ricar\.m2\repository\org\openjfx\javafx-controls\13\javafx-controls-13.jar;C:\Users\ricar\.m2\repository\org\openjfx\javafx-controls\13\javafx-controls-13-win.jar;C:\Users\ricar\.m2\repository\org\openjfx\javafx-fxml\13\javafx-fxml-13.jar;C:\Users\ricar\.m2\repository\org\openjfx\javafx-fxml\13\javafx-fxml-13-win.jar;C:\Users\ricar\.m2\repository\org\controlsfx\controlsfx\11.1.2\controlsfx-11.1.2.jar;C:\Users\ricar\.m2\repository\com\jfoenix\jfoenix\8.0.10\jfoenix-8.0.10.jar;C:\Users\ricar\.m2\repository\org\openjfx\javafx-graphics\13\javafx-graphics-13.jar;C:\Users\ricar\.m2\repository\org\openjfx\javafx-graphics\13\javafx-graphics-13-win.jar;C:\Users\ricar\.m2\repository\org\openjfx\javafx-base\13\javafx-base-13.jar;C:\Users\ricar\.m2\repository\org\openjfx\javafx-base\13\javafx-base-13-win.jar;C:\Users\ricar\.m2\repository\mysql\mysql-connector-java\8.0.26\mysql-connector-java-8.0.26.jar;C:\Users\ricar\.m2\repository\com\google\protobuf\protobuf-java\3.11.4\protobuf-java-3.11.4.jar;C:\Users\ricar\.m2\repository\org\hibernate\orm\hibernate-core\6.1.6.Final\hibernate-core-6.1.6.Final.jar;C:\Users\ricar\.m2\repository\jakarta\transaction\jakarta.transaction-api\2.0.0\jakarta.transaction-api-2.0.0.jar;C:\Users\ricar\.m2\repository\org\jboss\logging\jboss-logging\3.4.3.Final\jboss-logging-3.4.3.Final.jar;C:\Users\ricar\.m2\repository\org\hibernate\common\hibernate-commons-annotations\6.0.2.Final\hibernate-commons-annotations-6.0.2.Final.jar;C:\Users\ricar\.m2\repository\org\jboss\jandex\2.4.2.Final\jandex-2.4.2.Final.jar;C:\Users\ricar\.m2\repository\com\fasterxml\classmate\1.5.1\classmate-1.5.1.jar;C:\Users\ricar\.m2\repository\net\bytebuddy\byte-buddy\1.12.18\byte-buddy-1.12.18.jar;C:\Users\ricar\.m2\repository\jakarta\xml\bind\jakarta.xml.bind-api\3.0.1\jakarta.xml.bind-api-3.0.1.jar;C:\Users\ricar\.m2\repository\com\sun\activation\jakarta.activation\2.0.1\jakarta.activation-2.
Launcher Type: SUN_STANDARD

[Global flags]
     intx CICompilerCount                          = 4                                         {product} {ergonomic}
     uint ConcGCThreads                            = 3                                         {product} {ergonomic}
     uint G1ConcRefinementThreads                  = 10                                        {product} {ergonomic}
   size_t G1HeapRegionSize                         = 1048576                                   {product} {ergonomic}
    uintx GCDrainStackTargetSize                   = 64                                        {product} {ergonomic}
   size_t InitialHeapSize                          = 266338304                                 {product} {ergonomic}
   size_t MarkStackSize                            = 4194304                                   {product} {ergonomic}
   size_t MaxHeapSize                              = 4255121408                                {product} {ergonomic}
   size_t MaxNewSize                               = 2552233984                                {product} {ergonomic}
   size_t MinHeapDeltaBytes                        = 1048576                                   {product} {ergonomic}
    uintx NonNMethodCodeHeapSize                   = 5836300                                {pd product} {ergonomic}
    uintx NonProfiledCodeHeapSize                  = 122910970                              {pd product} {ergonomic}
    uintx ProfiledCodeHeapSize                     = 122910970                              {pd product} {ergonomic}
    uintx ReservedCodeCacheSize                    = 251658240                              {pd product} {ergonomic}
     bool SegmentedCodeCache                       = true                                      {product} {ergonomic}
     bool UseCompressedClassPointers               = true                                 {lp64_product} {ergonomic}
     bool UseCompressedOops                        = true                                 {lp64_product} {ergonomic}
     bool UseG1GC                                  = true                                      {product} {ergonomic}
     bool UseLargePagesIndividualAllocation        = false                                  {pd product} {ergonomic}

Logging:
Log output configuration:
 #0: stdout all=warning uptime,level,tags
 #1: stderr all=off uptime,level,tags

Environment Variables:
JAVA_HOME=C:\Program Files\Java\jdk-11.0.12
PATH=C:\Program Files\Common Files\Oracle\Java\javapath;C:\windows\system32;C:\windows;C:\windows\System32\Wbem;C:\windows\System32\WindowsPowerShell\v1.0\;C:\windows\System32\OpenSSH\;C:\Program Files\TortoiseSVN\bin;C:\Program Files\Microsoft SQL Server\150\Tools\Binn\;C:\Program Files\Microsoft SQL Server\Client SDK\ODBC\170\Tools\Binn\;C:\Program Files\dotnet\;C:\Program Files\Apache Maven\apache-maven-3.8.7\bin;C:\Program Files\Git\cmd;C:\Program Files\Azure Data Studio\bin;C:\Program Files\AutoFirma\AutoFirma;C:\Program Files\MySQL\MySQL Shell 8.0\bin\;C:\Users\ricar\AppData\Local\Microsoft\WindowsApps;C:\Users\ricar\AppData\Local\Programs\Microsoft VS Code\bin;C:\Program Files\Java\jdk-17.0.4.1\bin;C:\Users\ricar\.dotnet\tools;;C:\Program Files\Azure Data Studio\bin
USERNAME=ricar
OS=Windows_NT
PROCESSOR_IDENTIFIER=Intel64 Family 6 Model 165 Stepping 3, GenuineIntel



---------------  S Y S T E M  ---------------

OS: Windows 10 , 64 bit Build 19041 (10.0.19041.2913)

CPU:total 12 (initial active 12) (6 cores per cpu, 2 threads per core) family 6 model 165 stepping 3 microcode 0xea, cmov, cx8, fxsr, mmx, sse, sse2, sse3, ssse3, sse4.1, sse4.2, popcnt, avx, avx2, aes, clmul, erms, 3dnowpref, lzcnt, ht, tsc, tscinvbit, bmi1, bmi2, adx, fma

Memory: 4k page, system-wide physical 16228M (6199M free)
TotalPageFile size 18660M (AvailPageFile size 4558M)
current process WorkingSet (physical memory assigned to process): 311M, peak: 397M
current process commit charge ("private bytes"): 479M, peak: 564M

vm_info: Java HotSpot(TM) 64-Bit Server VM (11.0.12+8-LTS-237) for windows-amd64 JRE (11.0.12+8-LTS-237), built on Jun  8 2021 11:25:59 by "mach5one" with MS VC++ 15.9 (VS2017)

END.
